Analysis & Synthesis report for zjw_shujutonglu
Sun Mar 08 20:36:42 2020
Quartus II Version 9.0 Build 184 04/29/2009 Service Pack 1 SJ Web Edition


---------------------
; Table of Contents ;
---------------------
  1. Legal Notice
  2. Analysis & Synthesis Summary
  3. Analysis & Synthesis Settings
  4. Analysis & Synthesis Source Files Read
  5. Analysis & Synthesis Resource Usage Summary
  6. Analysis & Synthesis Resource Utilization by Entity
  7. Analysis & Synthesis RAM Summary
  8. Logic Cells Representing Combinational Loops
  9. General Register Statistics
 10. Multiplexer Restructuring Statistics (Restructuring Performed)
 11. Source assignments for ram:inst3|ram2:inst1|LPM_RAM_IO:inst|altram:sram|altsyncram:ram_block|altsyncram_r6a1:auto_generated
 12. Parameter Settings for User Entity Instance: ram:inst3|ram2:inst1|LPM_RAM_IO:inst
 13. Analysis & Synthesis Messages



----------------
; Legal Notice ;
----------------
Copyright (C) 1991-2009 Altera Corporation
Your use of Altera Corporation's design tools, logic functions 
and other software and tools, and its AMPP partner logic 
functions, and any output files from any of the foregoing 
(including device programming or simulation files), and any 
associated documentation or information are expressly subject 
to the terms and conditions of the Altera Program License 
Subscription Agreement, Altera MegaCore Function License 
Agreement, or other applicable license agreement, including, 
without limitation, that your use is for the sole purpose of 
programming logic devices manufactured by Altera and sold by 
Altera or its authorized distributors.  Please refer to the 
applicable agreement for further details.



+----------------------------------------------------------------------------+
; Analysis & Synthesis Summary                                               ;
+-----------------------------+----------------------------------------------+
; Analysis & Synthesis Status ; Successful - Sun Mar 08 20:36:42 2020        ;
; Quartus II Version          ; 9.0 Build 184 04/29/2009 SP 1 SJ Web Edition ;
; Revision Name               ; zjw_shujutonglu                              ;
; Top-level Entity Name       ; zjw_shujutonglu                              ;
; Family                      ; Cyclone                                      ;
; Total logic elements        ; 548                                          ;
; Total pins                  ; 38                                           ;
; Total virtual pins          ; 0                                            ;
; Total memory bits           ; 2,048                                        ;
; Total PLLs                  ; 0                                            ;
+-----------------------------+----------------------------------------------+


+--------------------------------------------------------------------------------------------------------+
; Analysis & Synthesis Settings                                                                          ;
+--------------------------------------------------------------+--------------------+--------------------+
; Option                                                       ; Setting            ; Default Value      ;
+--------------------------------------------------------------+--------------------+--------------------+
; Device                                                       ; EP1C3T144C8        ;                    ;
; Top-level entity name                                        ; zjw_shujutonglu    ; zjw_shujutonglu    ;
; Family name                                                  ; Cyclone            ; Stratix II         ;
; Use Generated Physical Constraints File                      ; Off                ;                    ;
; Use smart compilation                                        ; Off                ; Off                ;
; Restructure Multiplexers                                     ; Auto               ; Auto               ;
; Create Debugging Nodes for IP Cores                          ; Off                ; Off                ;
; Preserve fewer node names                                    ; On                 ; On                 ;
; Disable OpenCore Plus hardware evaluation                    ; Off                ; Off                ;
; Verilog Version                                              ; Verilog_2001       ; Verilog_2001       ;
; VHDL Version                                                 ; VHDL93             ; VHDL93             ;
; State Machine Processing                                     ; Auto               ; Auto               ;
; Safe State Machine                                           ; Off                ; Off                ;
; Extract Verilog State Machines                               ; On                 ; On                 ;
; Extract VHDL State Machines                                  ; On                 ; On                 ;
; Ignore Verilog initial constructs                            ; Off                ; Off                ;
; Iteration limit for constant Verilog loops                   ; 5000               ; 5000               ;
; Iteration limit for non-constant Verilog loops               ; 250                ; 250                ;
; Add Pass-Through Logic to Inferred RAMs                      ; On                 ; On                 ;
; Parallel Synthesis                                           ; Off                ; Off                ;
; NOT Gate Push-Back                                           ; On                 ; On                 ;
; Power-Up Don't Care                                          ; On                 ; On                 ;
; Remove Redundant Logic Cells                                 ; Off                ; Off                ;
; Remove Duplicate Registers                                   ; On                 ; On                 ;
; Ignore CARRY Buffers                                         ; Off                ; Off                ;
; Ignore CASCADE Buffers                                       ; Off                ; Off                ;
; Ignore GLOBAL Buffers                                        ; Off                ; Off                ;
; Ignore ROW GLOBAL Buffers                                    ; Off                ; Off                ;
; Ignore LCELL Buffers                                         ; Off                ; Off                ;
; Ignore SOFT Buffers                                          ; On                 ; On                 ;
; Limit AHDL Integers to 32 Bits                               ; Off                ; Off                ;
; Optimization Technique                                       ; Balanced           ; Balanced           ;
; Carry Chain Length                                           ; 70                 ; 70                 ;
; Auto Carry Chains                                            ; On                 ; On                 ;
; Auto Open-Drain Pins                                         ; On                 ; On                 ;
; Perform WYSIWYG Primitive Resynthesis                        ; Off                ; Off                ;
; Auto ROM Replacement                                         ; On                 ; On                 ;
; Auto RAM Replacement                                         ; On                 ; On                 ;
; Auto Shift Register Replacement                              ; Auto               ; Auto               ;
; Auto Clock Enable Replacement                                ; On                 ; On                 ;
; Strict RAM Replacement                                       ; Off                ; Off                ;
; Allow Synchronous Control Signals                            ; On                 ; On                 ;
; Force Use of Synchronous Clear Signals                       ; Off                ; Off                ;
; Auto RAM Block Balancing                                     ; On                 ; On                 ;
; Auto RAM to Logic Cell Conversion                            ; Off                ; Off                ;
; Auto Resource Sharing                                        ; Off                ; Off                ;
; Allow Any RAM Size For Recognition                           ; Off                ; Off                ;
; Allow Any ROM Size For Recognition                           ; Off                ; Off                ;
; Allow Any Shift Register Size For Recognition                ; Off                ; Off                ;
; Use LogicLock Constraints during Resource Balancing          ; On                 ; On                 ;
; Ignore translate_off and synthesis_off directives            ; Off                ; Off                ;
; Show Parameter Settings Tables in Synthesis Report           ; On                 ; On                 ;
; Ignore Maximum Fan-Out Assignments                           ; Off                ; Off                ;
; Synchronization Register Chain Length                        ; 2                  ; 2                  ;
; PowerPlay Power Optimization                                 ; Normal compilation ; Normal compilation ;
; HDL message level                                            ; Level2             ; Level2             ;
; Suppress Register Optimization Related Messages              ; Off                ; Off                ;
; Number of Removed Registers Reported in Synthesis Report     ; 100                ; 100                ;
; Number of Inverted Registers Reported in Synthesis Report    ; 100                ; 100                ;
; Clock MUX Protection                                         ; On                 ; On                 ;
; Block Design Naming                                          ; Auto               ; Auto               ;
; Synthesis Effort                                             ; Auto               ; Auto               ;
; Shift Register Replacement - Allow Asynchronous Clear Signal ; On                 ; On                 ;
; Analysis & Synthesis Message Level                           ; Medium             ; Medium             ;
+--------------------------------------------------------------+--------------------+--------------------+


+--------------------------------------------------------------------------------------------------------------------------------------------------------------------------+
; Analysis & Synthesis Source Files Read                                                                                                                                   ;
+----------------------------------+-----------------+------------------------------------+--------------------------------------------------------------------------------+
; File Name with User-Entered Path ; Used in Netlist ; File Type                          ; File Name with Absolute Path                                                   ;
+----------------------------------+-----------------+------------------------------------+--------------------------------------------------------------------------------+
; zjw_yunsuanqi.vhd                ; yes             ; User VHDL File                     ; C:/Users/Administrator/Desktop/数据通路/zjw_shujutonglu/zjw_yunsuanqi.vhd      ;
; ram.bdf                          ; yes             ; User Block Diagram/Schematic File  ; C:/Users/Administrator/Desktop/数据通路/zjw_shujutonglu/ram.bdf                ;
; ram1.vhd                         ; yes             ; User VHDL File                     ; C:/Users/Administrator/Desktop/数据通路/zjw_shujutonglu/ram1.vhd               ;
; ram2.bdf                         ; yes             ; User Block Diagram/Schematic File  ; C:/Users/Administrator/Desktop/数据通路/zjw_shujutonglu/ram2.bdf               ;
; zjw_shujutonglu.bdf              ; yes             ; User Block Diagram/Schematic File  ; C:/Users/Administrator/Desktop/数据通路/zjw_shujutonglu/zjw_shujutonglu.bdf    ;
; LPM_RAM_IO.tdf                   ; yes             ; Megafunction                       ; f:/quartus/libraries/megafunctions/LPM_RAM_IO.tdf                              ;
; altram.inc                       ; yes             ; Megafunction                       ; f:/quartus/libraries/megafunctions/altram.inc                                  ;
; lpm_mux.inc                      ; yes             ; Megafunction                       ; f:/quartus/libraries/megafunctions/lpm_mux.inc                                 ;
; lpm_decode.inc                   ; yes             ; Megafunction                       ; f:/quartus/libraries/megafunctions/lpm_decode.inc                              ;
; aglobal90.inc                    ; yes             ; Megafunction                       ; f:/quartus/libraries/megafunctions/aglobal90.inc                               ;
; altram.tdf                       ; yes             ; Megafunction                       ; f:/quartus/libraries/megafunctions/altram.tdf                                  ;
; memmodes.inc                     ; yes             ; Megafunction                       ; f:/quartus/libraries/others/maxplus2/memmodes.inc                              ;
; altsyncram.inc                   ; yes             ; Megafunction                       ; f:/quartus/libraries/megafunctions/altsyncram.inc                              ;
; altqpram.inc                     ; yes             ; Megafunction                       ; f:/quartus/libraries/megafunctions/altqpram.inc                                ;
; altsyncram.tdf                   ; yes             ; Megafunction                       ; f:/quartus/libraries/megafunctions/altsyncram.tdf                              ;
; stratix_ram_block.inc            ; yes             ; Megafunction                       ; f:/quartus/libraries/megafunctions/stratix_ram_block.inc                       ;
; a_rdenreg.inc                    ; yes             ; Megafunction                       ; f:/quartus/libraries/megafunctions/a_rdenreg.inc                               ;
; altrom.inc                       ; yes             ; Megafunction                       ; f:/quartus/libraries/megafunctions/altrom.inc                                  ;
; altdpram.inc                     ; yes             ; Megafunction                       ; f:/quartus/libraries/megafunctions/altdpram.inc                                ;
; db/altsyncram_r6a1.tdf           ; yes             ; Auto-Generated Megafunction        ; C:/Users/Administrator/Desktop/数据通路/zjw_shujutonglu/db/altsyncram_r6a1.tdf ;
+----------------------------------+-----------------+------------------------------------+--------------------------------------------------------------------------------+


+-----------------------------------------------------+
; Analysis & Synthesis Resource Usage Summary         ;
+---------------------------------------------+-------+
; Resource                                    ; Usage ;
+---------------------------------------------+-------+
; Total logic elements                        ; 548   ;
;     -- Combinational with no register       ; 500   ;
;     -- Register only                        ; 40    ;
;     -- Combinational with a register        ; 8     ;
;                                             ;       ;
; Logic element usage by number of LUT inputs ;       ;
;     -- 4 input functions                    ; 246   ;
;     -- 3 input functions                    ; 115   ;
;     -- 2 input functions                    ; 137   ;
;     -- 1 input functions                    ; 10    ;
;     -- 0 input functions                    ; 0     ;
;                                             ;       ;
; Logic elements by mode                      ;       ;
;     -- normal mode                          ; 387   ;
;     -- arithmetic mode                      ; 161   ;
;     -- qfbk mode                            ; 0     ;
;     -- register cascade mode                ; 0     ;
;     -- synchronous clear/load mode          ; 8     ;
;     -- asynchronous clear/load mode         ; 8     ;
;                                             ;       ;
; Total registers                             ; 48    ;
; Total logic cells in carry chains           ; 184   ;
; I/O pins                                    ; 38    ;
; Total memory bits                           ; 2048  ;
; Maximum fan-out node                        ; clk   ;
; Maximum fan-out                             ; 56    ;
; Total fan-out                               ; 1869  ;
; Average fan-out                             ; 3.15  ;
+---------------------------------------------+-------+


+-------------------------------------------------------------------------------------------------------------------------------------------------------------------------------------------------------------------------------------------------------------------------------------------------------------------------------------------------+
; Analysis & Synthesis Resource Utilization by Entity                                                                                                                                                                                                                                                                                             ;
+----------------------------------------------------+-------------+--------------+-------------+------+--------------+--------------+-------------------+------------------+-----------------+------------+-----------------------------------------------------------------------------------------------------------------------+--------------+
; Compilation Hierarchy Node                         ; Logic Cells ; LC Registers ; Memory Bits ; Pins ; Virtual Pins ; LUT-Only LCs ; Register-Only LCs ; LUT/Register LCs ; Carry Chain LCs ; Packed LCs ; Full Hierarchy Name                                                                                                   ; Library Name ;
+----------------------------------------------------+-------------+--------------+-------------+------+--------------+--------------+-------------------+------------------+-----------------+------------+-----------------------------------------------------------------------------------------------------------------------+--------------+
; |zjw_shujutonglu                                   ; 548 (0)     ; 48           ; 2048        ; 38   ; 0            ; 500 (0)      ; 40 (0)            ; 8 (0)            ; 184 (0)         ; 0 (0)      ; |zjw_shujutonglu                                                                                                      ; work         ;
;    |ram:inst3|                                     ; 27 (0)      ; 16           ; 2048        ; 0    ; 0            ; 11 (0)       ; 8 (0)             ; 8 (0)            ; 8 (0)           ; 0 (0)      ; |zjw_shujutonglu|ram:inst3                                                                                            ; work         ;
;       |ram1:inst|                                  ; 26 (26)     ; 16           ; 0           ; 0    ; 0            ; 10 (10)      ; 8 (8)             ; 8 (8)            ; 8 (8)           ; 0 (0)      ; |zjw_shujutonglu|ram:inst3|ram1:inst                                                                                  ; work         ;
;       |ram2:inst1|                                 ; 1 (0)       ; 0            ; 2048        ; 0    ; 0            ; 1 (0)        ; 0 (0)             ; 0 (0)            ; 0 (0)           ; 0 (0)      ; |zjw_shujutonglu|ram:inst3|ram2:inst1                                                                                 ; work         ;
;          |lpm_ram_io:inst|                         ; 1 (1)       ; 0            ; 2048        ; 0    ; 0            ; 1 (1)        ; 0 (0)             ; 0 (0)            ; 0 (0)           ; 0 (0)      ; |zjw_shujutonglu|ram:inst3|ram2:inst1|lpm_ram_io:inst                                                                 ; work         ;
;             |altram:sram|                          ; 0 (0)       ; 0            ; 2048        ; 0    ; 0            ; 0 (0)        ; 0 (0)             ; 0 (0)            ; 0 (0)           ; 0 (0)      ; |zjw_shujutonglu|ram:inst3|ram2:inst1|lpm_ram_io:inst|altram:sram                                                     ; work         ;
;                |altsyncram:ram_block|              ; 0 (0)       ; 0            ; 2048        ; 0    ; 0            ; 0 (0)        ; 0 (0)             ; 0 (0)            ; 0 (0)           ; 0 (0)      ; |zjw_shujutonglu|ram:inst3|ram2:inst1|lpm_ram_io:inst|altram:sram|altsyncram:ram_block                                ; work         ;
;                   |altsyncram_r6a1:auto_generated| ; 0 (0)       ; 0            ; 2048        ; 0    ; 0            ; 0 (0)        ; 0 (0)             ; 0 (0)            ; 0 (0)           ; 0 (0)      ; |zjw_shujutonglu|ram:inst3|ram2:inst1|lpm_ram_io:inst|altram:sram|altsyncram:ram_block|altsyncram_r6a1:auto_generated ; work         ;
;    |zjw_yunsuanqi:inst1|                           ; 521 (521)   ; 32           ; 0           ; 0    ; 0            ; 489 (489)    ; 32 (32)           ; 0 (0)            ; 176 (176)       ; 0 (0)      ; |zjw_shujutonglu|zjw_yunsuanqi:inst1                                                                                  ; work         ;
+----------------------------------------------------+-------------+--------------+-------------+------+--------------+--------------+-------------------+------------------+-----------------+------------+-----------------------------------------------------------------------------------------------------------------------+--------------+
Note: For table entries with two numbers listed, the numbers in parentheses indicate the number of resources of the given type used by the specific entity alone. The numbers listed outside of parentheses indicate the total resources of the given type used by the specific entity and all of its sub-entities in the hierarchy.


+------------------------------------------------------------------------------------------------------------------------------------------------------------------------------------------------------------------------------+
; Analysis & Synthesis RAM Summary                                                                                                                                                                                             ;
+-----------------------------------------------------------------------------------------------------------------+------+-------------+--------------+--------------+--------------+--------------+------+--------------------+
; Name                                                                                                            ; Type ; Mode        ; Port A Depth ; Port A Width ; Port B Depth ; Port B Width ; Size ; MIF                ;
+-----------------------------------------------------------------------------------------------------------------+------+-------------+--------------+--------------+--------------+--------------+------+--------------------+
; ram:inst3|ram2:inst1|lpm_ram_io:inst|altram:sram|altsyncram:ram_block|altsyncram_r6a1:auto_generated|ALTSYNCRAM ; AUTO ; Single Port ; 256          ; 8            ; --           ; --           ; 2048 ; ./zjw_cunchuqi.mif ;
+-----------------------------------------------------------------------------------------------------------------+------+-------------+--------------+--------------+--------------+--------------+------+--------------------+


+------------------------------------------------------------+
; Logic Cells Representing Combinational Loops               ;
+--------------------------------------------------------+---+
; Logic Cell Name                                        ;   ;
+--------------------------------------------------------+---+
; zjw_yunsuanqi:inst1|bus_Reg~36                         ;   ;
; zjw_yunsuanqi:inst1|Mux1~0                             ;   ;
; zjw_yunsuanqi:inst1|Mux2~0                             ;   ;
; zjw_yunsuanqi:inst1|Mux3~0                             ;   ;
; zjw_yunsuanqi:inst1|Mux4~0                             ;   ;
; zjw_yunsuanqi:inst1|Mux5~0                             ;   ;
; zjw_yunsuanqi:inst1|Mux6~0                             ;   ;
; zjw_yunsuanqi:inst1|Mux7~0                             ;   ;
; Number of logic cells representing combinational loops ; 8 ;
+--------------------------------------------------------+---+
Note: All cells listed above may not be present at the end of synthesis due to various synthesis optimizations.


+------------------------------------------------------+
; General Register Statistics                          ;
+----------------------------------------------+-------+
; Statistic                                    ; Value ;
+----------------------------------------------+-------+
; Total registers                              ; 48    ;
; Number of registers using Synchronous Clear  ; 0     ;
; Number of registers using Synchronous Load   ; 8     ;
; Number of registers using Asynchronous Clear ; 8     ;
; Number of registers using Asynchronous Load  ; 0     ;
; Number of registers using Clock Enable       ; 40    ;
; Number of registers using Preset             ; 0     ;
+----------------------------------------------+-------+


+---------------------------------------------------------------------------------------------------------------------------------------------------------------+
; Multiplexer Restructuring Statistics (Restructuring Performed)                                                                                                ;
+--------------------+-----------+---------------+----------------------+------------------------+------------+-------------------------------------------------+
; Multiplexer Inputs ; Bus Width ; Baseline Area ; Area if Restructured ; Saving if Restructured ; Registered ; Example Multiplexer Output                      ;
+--------------------+-----------+---------------+----------------------+------------------------+------------+-------------------------------------------------+
; 5:1                ; 8 bits    ; 24 LEs        ; 24 LEs               ; 0 LEs                  ; No         ; |zjw_shujutonglu|zjw_yunsuanqi:inst1|bus_Reg[7] ;
; 52:1               ; 7 bits    ; 238 LEs       ; 168 LEs              ; 70 LEs                 ; No         ; |zjw_shujutonglu|zjw_yunsuanqi:inst1|Mux1       ;
+--------------------+-----------+---------------+----------------------+------------------------+------------+-------------------------------------------------+


+-----------------------------------------------------------------------------------------------------------------------------+
; Source assignments for ram:inst3|ram2:inst1|LPM_RAM_IO:inst|altram:sram|altsyncram:ram_block|altsyncram_r6a1:auto_generated ;
+---------------------------------+--------------------+------+---------------------------------------------------------------+
; Assignment                      ; Value              ; From ; To                                                            ;
+---------------------------------+--------------------+------+---------------------------------------------------------------+
; OPTIMIZE_POWER_DURING_SYNTHESIS ; NORMAL_COMPILATION ; -    ; -                                                             ;
+---------------------------------+--------------------+------+---------------------------------------------------------------+


+-----------------------------------------------------------------------------------+
; Parameter Settings for User Entity Instance: ram:inst3|ram2:inst1|LPM_RAM_IO:inst ;
+------------------------+--------------------+-------------------------------------+
; Parameter Name         ; Value              ; Type                                ;
+------------------------+--------------------+-------------------------------------+
; LPM_WIDTH              ; 8                  ; Signed Integer                      ;
; LPM_WIDTHAD            ; 8                  ; Signed Integer                      ;
; LPM_NUMWORDS           ; 256                ; Signed Integer                      ;
; LPM_INDATA             ; REGISTERED         ; Untyped                             ;
; LPM_ADDRESS_CONTROL    ; REGISTERED         ; Untyped                             ;
; LPM_OUTDATA            ; UNREGISTERED       ; Untyped                             ;
; LPM_FILE               ; ./zjw_cunchuqi.mif ; Untyped                             ;
; USE_EAB                ; ON                 ; Untyped                             ;
; DEVICE_FAMILY          ; Cyclone            ; Untyped                             ;
; AUTO_CARRY_CHAINS      ; ON                 ; AUTO_CARRY                          ;
; IGNORE_CARRY_BUFFERS   ; OFF                ; IGNORE_CARRY                        ;
; AUTO_CASCADE_CHAINS    ; ON                 ; AUTO_CASCADE                        ;
; IGNORE_CASCADE_BUFFERS ; OFF                ; IGNORE_CASCADE                      ;
+------------------------+--------------------+-------------------------------------+
Note: In order to hide this table in the UI and the text report file, please set the "Show Parameter Settings Tables in Synthesis Report" option in "Analysis and Synthesis Settings -> More Settings" to "Off".


+-------------------------------+
; Analysis & Synthesis Messages ;
+-------------------------------+
Info: *******************************************************************
Info: Running Quartus II Analysis & Synthesis
    Info: Version 9.0 Build 184 04/29/2009 Service Pack 1 SJ Web Edition
    Info: Processing started: Sun Mar 08 20:36:38 2020
Info: Command: quartus_map --read_settings_files=on --write_settings_files=off zjw_shujutonglu -c zjw_shujutonglu
Info: Found 2 design units, including 1 entities, in source file zjw_yunsuanqi.vhd
    Info: Found design unit 1: zjw_yunsuanqi-rtl
    Info: Found entity 1: zjw_yunsuanqi
Info: Found 1 design units, including 1 entities, in source file ram.bdf
    Info: Found entity 1: ram
Info: Found 2 design units, including 1 entities, in source file ram1.vhd
    Info: Found design unit 1: ram1-rtl
    Info: Found entity 1: ram1
Info: Found 1 design units, including 1 entities, in source file ram2.bdf
    Info: Found entity 1: ram2
Info: Found 1 design units, including 1 entities, in source file zjw_shujutonglu.bdf
    Info: Found entity 1: zjw_shujutonglu
Info: Elaborating entity "zjw_shujutonglu" for the top level hierarchy
Info: Elaborating entity "ram" for hierarchy "ram:inst3"
Info: Elaborating entity "ram2" for hierarchy "ram:inst3|ram2:inst1"
Info: Elaborating entity "LPM_RAM_IO" for hierarchy "ram:inst3|ram2:inst1|LPM_RAM_IO:inst"
Info: Elaborated megafunction instantiation "ram:inst3|ram2:inst1|LPM_RAM_IO:inst"
Info: Instantiated megafunction "ram:inst3|ram2:inst1|LPM_RAM_IO:inst" with the following parameter:
    Info: Parameter "LPM_ADDRESS_CONTROL" = "REGISTERED"
    Info: Parameter "LPM_FILE" = "./zjw_cunchuqi.mif"
    Info: Parameter "LPM_INDATA" = "REGISTERED"
    Info: Parameter "LPM_NUMWORDS" = "256"
    Info: Parameter "LPM_OUTDATA" = "UNREGISTERED"
    Info: Parameter "LPM_WIDTH" = "8"
    Info: Parameter "LPM_WIDTHAD" = "8"
Info: Elaborating entity "altram" for hierarchy "ram:inst3|ram2:inst1|LPM_RAM_IO:inst|altram:sram"
Warning: Assertion warning: altram does not support Cyclone device family -- attempting best-case memory conversions, but power-up states and read during write behavior will be different for Cyclone devices
Info: Elaborated megafunction instantiation "ram:inst3|ram2:inst1|LPM_RAM_IO:inst|altram:sram", which is child of megafunction instantiation "ram:inst3|ram2:inst1|LPM_RAM_IO:inst"
Info: Elaborating entity "altsyncram" for hierarchy "ram:inst3|ram2:inst1|LPM_RAM_IO:inst|altram:sram|altsyncram:ram_block"
Info: Elaborated megafunction instantiation "ram:inst3|ram2:inst1|LPM_RAM_IO:inst|altram:sram|altsyncram:ram_block", which is child of megafunction instantiation "ram:inst3|ram2:inst1|LPM_RAM_IO:inst"
Info: Found 1 design units, including 1 entities, in source file db/altsyncram_r6a1.tdf
    Info: Found entity 1: altsyncram_r6a1
Info: Elaborating entity "altsyncram_r6a1" for hierarchy "ram:inst3|ram2:inst1|LPM_RAM_IO:inst|altram:sram|altsyncram:ram_block|altsyncram_r6a1:auto_generated"
Info: Elaborating entity "ram1" for hierarchy "ram:inst3|ram1:inst"
Info: Elaborating entity "zjw_yunsuanqi" for hierarchy "zjw_yunsuanqi:inst1"
Info: Implemented 594 device resources after synthesis - the final resource count might be different
    Info: Implemented 30 input pins
    Info: Implemented 0 output pins
    Info: Implemented 8 bidirectional pins
    Info: Implemented 548 logic cells
    Info: Implemented 8 RAM segments
Info: Quartus II Analysis & Synthesis was successful. 0 errors, 1 warning
    Info: Peak virtual memory: 242 megabytes
    Info: Processing ended: Sun Mar 08 20:36:42 2020
    Info: Elapsed time: 00:00:04
    Info: Total CPU time (on all processors): 00:00:03


