Analysis & Synthesis report for zjw_kongzhiqi
Wed Mar 11 13:10:51 2020
Quartus II Version 9.0 Build 184 04/29/2009 Service Pack 1 SJ Web Edition


---------------------
; Table of Contents ;
---------------------
  1. Legal Notice
  2. Analysis & Synthesis Summary
  3. Analysis & Synthesis Settings
  4. Analysis & Synthesis Source Files Read
  5. Analysis & Synthesis Resource Usage Summary
  6. Analysis & Synthesis Resource Utilization by Entity
  7. Registers Removed During Synthesis
  8. General Register Statistics
  9. Multiplexer Restructuring Statistics (Restructuring Performed)
 10. Analysis & Synthesis Messages



----------------
; Legal Notice ;
----------------
Copyright (C) 1991-2009 Altera Corporation
Your use of Altera Corporation's design tools, logic functions 
and other software and tools, and its AMPP partner logic 
functions, and any output files from any of the foregoing 
(including device programming or simulation files), and any 
associated documentation or information are expressly subject 
to the terms and conditions of the Altera Program License 
Subscription Agreement, Altera MegaCore Function License 
Agreement, or other applicable license agreement, including, 
without limitation, that your use is for the sole purpose of 
programming logic devices manufactured by Altera and sold by 
Altera or its authorized distributors.  Please refer to the 
applicable agreement for further details.



+----------------------------------------------------------------------------+
; Analysis & Synthesis Summary                                               ;
+-----------------------------+----------------------------------------------+
; Analysis & Synthesis Status ; Successful - Wed Mar 11 13:10:51 2020        ;
; Quartus II Version          ; 9.0 Build 184 04/29/2009 SP 1 SJ Web Edition ;
; Revision Name               ; zjw_kongzhiqi                                ;
; Top-level Entity Name       ; zjw_kongzhiqi                                ;
; Family                      ; Cyclone                                      ;
; Total logic elements        ; 61                                           ;
; Total pins                  ; 38                                           ;
; Total virtual pins          ; 0                                            ;
; Total memory bits           ; 0                                            ;
; Total PLLs                  ; 0                                            ;
+-----------------------------+----------------------------------------------+


+--------------------------------------------------------------------------------------------------------+
; Analysis & Synthesis Settings                                                                          ;
+--------------------------------------------------------------+--------------------+--------------------+
; Option                                                       ; Setting            ; Default Value      ;
+--------------------------------------------------------------+--------------------+--------------------+
; Device                                                       ; EP1C3T144C8        ;                    ;
; Top-level entity name                                        ; zjw_kongzhiqi      ; zjw_kongzhiqi      ;
; Family name                                                  ; Cyclone            ; Stratix II         ;
; Use Generated Physical Constraints File                      ; Off                ;                    ;
; Use smart compilation                                        ; Off                ; Off                ;
; Restructure Multiplexers                                     ; Auto               ; Auto               ;
; Create Debugging Nodes for IP Cores                          ; Off                ; Off                ;
; Preserve fewer node names                                    ; On                 ; On                 ;
; Disable OpenCore Plus hardware evaluation                    ; Off                ; Off                ;
; Verilog Version                                              ; Verilog_2001       ; Verilog_2001       ;
; VHDL Version                                                 ; VHDL93             ; VHDL93             ;
; State Machine Processing                                     ; Auto               ; Auto               ;
; Safe State Machine                                           ; Off                ; Off                ;
; Extract Verilog State Machines                               ; On                 ; On                 ;
; Extract VHDL State Machines                                  ; On                 ; On                 ;
; Ignore Verilog initial constructs                            ; Off                ; Off                ;
; Iteration limit for constant Verilog loops                   ; 5000               ; 5000               ;
; Iteration limit for non-constant Verilog loops               ; 250                ; 250                ;
; Add Pass-Through Logic to Inferred RAMs                      ; On                 ; On                 ;
; Parallel Synthesis                                           ; Off                ; Off                ;
; NOT Gate Push-Back                                           ; On                 ; On                 ;
; Power-Up Don't Care                                          ; On                 ; On                 ;
; Remove Redundant Logic Cells                                 ; Off                ; Off                ;
; Remove Duplicate Registers                                   ; On                 ; On                 ;
; Ignore CARRY Buffers                                         ; Off                ; Off                ;
; Ignore CASCADE Buffers                                       ; Off                ; Off                ;
; Ignore GLOBAL Buffers                                        ; Off                ; Off                ;
; Ignore ROW GLOBAL Buffers                                    ; Off                ; Off                ;
; Ignore LCELL Buffers                                         ; Off                ; Off                ;
; Ignore SOFT Buffers                                          ; On                 ; On                 ;
; Limit AHDL Integers to 32 Bits                               ; Off                ; Off                ;
; Optimization Technique                                       ; Balanced           ; Balanced           ;
; Carry Chain Length                                           ; 70                 ; 70                 ;
; Auto Carry Chains                                            ; On                 ; On                 ;
; Auto Open-Drain Pins                                         ; On                 ; On                 ;
; Perform WYSIWYG Primitive Resynthesis                        ; Off                ; Off                ;
; Auto ROM Replacement                                         ; On                 ; On                 ;
; Auto RAM Replacement                                         ; On                 ; On                 ;
; Auto Shift Register Replacement                              ; Auto               ; Auto               ;
; Auto Clock Enable Replacement                                ; On                 ; On                 ;
; Strict RAM Replacement                                       ; Off                ; Off                ;
; Allow Synchronous Control Signals                            ; On                 ; On                 ;
; Force Use of Synchronous Clear Signals                       ; Off                ; Off                ;
; Auto RAM Block Balancing                                     ; On                 ; On                 ;
; Auto RAM to Logic Cell Conversion                            ; Off                ; Off                ;
; Auto Resource Sharing                                        ; Off                ; Off                ;
; Allow Any RAM Size For Recognition                           ; Off                ; Off                ;
; Allow Any ROM Size For Recognition                           ; Off                ; Off                ;
; Allow Any Shift Register Size For Recognition                ; Off                ; Off                ;
; Use LogicLock Constraints during Resource Balancing          ; On                 ; On                 ;
; Ignore translate_off and synthesis_off directives            ; Off                ; Off                ;
; Show Parameter Settings Tables in Synthesis Report           ; On                 ; On                 ;
; Ignore Maximum Fan-Out Assignments                           ; Off                ; Off                ;
; Synchronization Register Chain Length                        ; 2                  ; 2                  ;
; PowerPlay Power Optimization                                 ; Normal compilation ; Normal compilation ;
; HDL message level                                            ; Level2             ; Level2             ;
; Suppress Register Optimization Related Messages              ; Off                ; Off                ;
; Number of Removed Registers Reported in Synthesis Report     ; 100                ; 100                ;
; Number of Inverted Registers Reported in Synthesis Report    ; 100                ; 100                ;
; Clock MUX Protection                                         ; On                 ; On                 ;
; Block Design Naming                                          ; Auto               ; Auto               ;
; Synthesis Effort                                             ; Auto               ; Auto               ;
; Shift Register Replacement - Allow Asynchronous Clear Signal ; On                 ; On                 ;
; Analysis & Synthesis Message Level                           ; Medium             ; Medium             ;
+--------------------------------------------------------------+--------------------+--------------------+


+---------------------------------------------------------------------------------------------------------------------------------------------------------+
; Analysis & Synthesis Source Files Read                                                                                                                  ;
+----------------------------------+-----------------+------------------------------------+---------------------------------------------------------------+
; File Name with User-Entered Path ; Used in Netlist ; File Type                          ; File Name with Absolute Path                                  ;
+----------------------------------+-----------------+------------------------------------+---------------------------------------------------------------+
; rom.vhd                          ; yes             ; User VHDL File                     ; C:/Users/apple/Desktop/¿ØÖÆÆ÷/zjw_kongzhiqi/rom.vhd           ;
; zjw_kongzhiqi.bdf                ; yes             ; User Block Diagram/Schematic File  ; C:/Users/apple/Desktop/¿ØÖÆÆ÷/zjw_kongzhiqi/zjw_kongzhiqi.bdf ;
; 7474.bdf                         ; yes             ; Megafunction                       ; b:/quartus/libraries/others/maxplus2/7474.bdf                 ;
; 74244.bdf                        ; yes             ; Megafunction                       ; b:/quartus/libraries/others/maxplus2/74244.bdf                ;
; 74273.bdf                        ; yes             ; Megafunction                       ; b:/quartus/libraries/others/maxplus2/74273.bdf                ;
+----------------------------------+-----------------+------------------------------------+---------------------------------------------------------------+


+-------------------------------------------------------------+
; Analysis & Synthesis Resource Usage Summary                 ;
+---------------------------------------------+---------------+
; Resource                                    ; Usage         ;
+---------------------------------------------+---------------+
; Total logic elements                        ; 61            ;
;     -- Combinational with no register       ; 32            ;
;     -- Register only                        ; 11            ;
;     -- Combinational with a register        ; 18            ;
;                                             ;               ;
; Logic element usage by number of LUT inputs ;               ;
;     -- 4 input functions                    ; 29            ;
;     -- 3 input functions                    ; 12            ;
;     -- 2 input functions                    ; 7             ;
;     -- 1 input functions                    ; 0             ;
;     -- 0 input functions                    ; 2             ;
;                                             ;               ;
; Logic elements by mode                      ;               ;
;     -- normal mode                          ; 61            ;
;     -- arithmetic mode                      ; 0             ;
;     -- qfbk mode                            ; 0             ;
;     -- register cascade mode                ; 0             ;
;     -- synchronous clear/load mode          ; 0             ;
;     -- asynchronous clear/load mode         ; 29            ;
;                                             ;               ;
; Total registers                             ; 29            ;
; I/O pins                                    ; 38            ;
; Maximum fan-out node                        ; 7474:inst7|10 ;
; Maximum fan-out                             ; 30            ;
; Total fan-out                               ; 266           ;
; Average fan-out                             ; 2.69          ;
+---------------------------------------------+---------------+


+-------------------------------------------------------------------------------------------------------------------------------------------------------------------------------------------------------------------------------+
; Analysis & Synthesis Resource Utilization by Entity                                                                                                                                                                           ;
+----------------------------+-------------+--------------+-------------+------+--------------+--------------+-------------------+------------------+-----------------+------------+-----------------------------+--------------+
; Compilation Hierarchy Node ; Logic Cells ; LC Registers ; Memory Bits ; Pins ; Virtual Pins ; LUT-Only LCs ; Register-Only LCs ; LUT/Register LCs ; Carry Chain LCs ; Packed LCs ; Full Hierarchy Name         ; Library Name ;
+----------------------------+-------------+--------------+-------------+------+--------------+--------------+-------------------+------------------+-----------------+------------+-----------------------------+--------------+
; |zjw_kongzhiqi             ; 61 (4)      ; 29           ; 0           ; 38   ; 0            ; 32 (4)       ; 11 (0)            ; 18 (0)           ; 0 (0)           ; 0 (0)      ; |zjw_kongzhiqi              ; work         ;
;    |74273:inst11|          ; 7 (7)       ; 7            ; 0           ; 0    ; 0            ; 0 (0)        ; 1 (1)             ; 6 (6)            ; 0 (0)           ; 0 (0)      ; |zjw_kongzhiqi|74273:inst11 ; work         ;
;    |74273:inst12|          ; 6 (6)       ; 6            ; 0           ; 0    ; 0            ; 0 (0)        ; 3 (3)             ; 3 (3)            ; 0 (0)           ; 0 (0)      ; |zjw_kongzhiqi|74273:inst12 ; work         ;
;    |74273:inst14|          ; 8 (8)       ; 8            ; 0           ; 0    ; 0            ; 0 (0)        ; 0 (0)             ; 8 (8)            ; 0 (0)           ; 0 (0)      ; |zjw_kongzhiqi|74273:inst14 ; work         ;
;    |74273:inst6|           ; 3 (3)       ; 3            ; 0           ; 0    ; 0            ; 0 (0)        ; 3 (3)             ; 0 (0)            ; 0 (0)           ; 0 (0)      ; |zjw_kongzhiqi|74273:inst6  ; work         ;
;    |7474:inst7|            ; 2 (2)       ; 2            ; 0           ; 0    ; 0            ; 0 (0)        ; 2 (2)             ; 0 (0)            ; 0 (0)           ; 0 (0)      ; |zjw_kongzhiqi|7474:inst7   ; work         ;
;    |7474:inst8|            ; 2 (2)       ; 2            ; 0           ; 0    ; 0            ; 0 (0)        ; 1 (1)             ; 1 (1)            ; 0 (0)           ; 0 (0)      ; |zjw_kongzhiqi|7474:inst8   ; work         ;
;    |7474:inst9|            ; 1 (1)       ; 1            ; 0           ; 0    ; 0            ; 0 (0)        ; 1 (1)             ; 0 (0)            ; 0 (0)           ; 0 (0)      ; |zjw_kongzhiqi|7474:inst9   ; work         ;
;    |rom:inst|              ; 28 (28)     ; 0            ; 0           ; 0    ; 0            ; 28 (28)      ; 0 (0)             ; 0 (0)            ; 0 (0)           ; 0 (0)      ; |zjw_kongzhiqi|rom:inst     ; work         ;
+----------------------------+-------------+--------------+-------------+------+--------------+--------------+-------------------+------------------+-----------------+------------+-----------------------------+--------------+
Note: For table entries with two numbers listed, the numbers in parentheses indicate the number of resources of the given type used by the specific entity alone. The numbers listed outside of parentheses indicate the total resources of the given type used by the specific entity and all of its sub-entities in the hierarchy.


+--------------------------------------------------------------------------------+
; Registers Removed During Synthesis                                             ;
+---------------------------------------+----------------------------------------+
; Register name                         ; Reason for Removal                     ;
+---------------------------------------+----------------------------------------+
; 74273:inst11|18                       ; Stuck at GND due to stuck port data_in ;
; 74273:inst12|18                       ; Stuck at GND due to stuck port data_in ;
; Total Number of Removed Registers = 2 ;                                        ;
+---------------------------------------+----------------------------------------+


+------------------------------------------------------+
; General Register Statistics                          ;
+----------------------------------------------+-------+
; Statistic                                    ; Value ;
+----------------------------------------------+-------+
; Total registers                              ; 29    ;
; Number of registers using Synchronous Clear  ; 0     ;
; Number of registers using Synchronous Load   ; 0     ;
; Number of registers using Asynchronous Clear ; 29    ;
; Number of registers using Asynchronous Load  ; 5     ;
; Number of registers using Clock Enable       ; 0     ;
; Number of registers using Preset             ; 0     ;
+----------------------------------------------+-------+


+----------------------------------------------------------------------------------------------------------------------------------------------+
; Multiplexer Restructuring Statistics (Restructuring Performed)                                                                               ;
+--------------------+-----------+---------------+----------------------+------------------------+------------+--------------------------------+
; Multiplexer Inputs ; Bus Width ; Baseline Area ; Area if Restructured ; Saving if Restructured ; Registered ; Example Multiplexer Output     ;
+--------------------+-----------+---------------+----------------------+------------------------+------------+--------------------------------+
; 32:1               ; 2 bits    ; 42 LEs        ; 12 LEs               ; 30 LEs                 ; Yes        ; |zjw_kongzhiqi|74273:inst11|19 ;
; 32:1               ; 2 bits    ; 42 LEs        ; 14 LEs               ; 28 LEs                 ; Yes        ; |zjw_kongzhiqi|74273:inst14|14 ;
+--------------------+-----------+---------------+----------------------+------------------------+------------+--------------------------------+


+-------------------------------+
; Analysis & Synthesis Messages ;
+-------------------------------+
Info: *******************************************************************
Info: Running Quartus II Analysis & Synthesis
    Info: Version 9.0 Build 184 04/29/2009 Service Pack 1 SJ Web Edition
    Info: Processing started: Wed Mar 11 13:10:48 2020
Info: Command: quartus_map --read_settings_files=on --write_settings_files=off zjw_kongzhiqi -c zjw_kongzhiqi
Info: Found 2 design units, including 1 entities, in source file rom.vhd
    Info: Found design unit 1: rom-SYN
    Info: Found entity 1: rom
Info: Found 1 design units, including 1 entities, in source file zjw_kongzhiqi.bdf
    Info: Found entity 1: zjw_kongzhiqi
Info: Elaborating entity "zjw_kongzhiqi" for the top level hierarchy
Info: Elaborating entity "7474" for hierarchy "7474:inst7"
Info: Elaborated megafunction instantiation "7474:inst7"
Info: Elaborating entity "rom" for hierarchy "rom:inst"
Info: Elaborating entity "74244" for hierarchy "74244:inst10"
Info: Elaborated megafunction instantiation "74244:inst10"
Info: Elaborating entity "74273" for hierarchy "74273:inst12"
Info: Elaborated megafunction instantiation "74273:inst12"
Warning: Tri-state node(s) do not directly drive top-level pin(s)
    Warning: Converted tri-state buffer "74244:inst10|36" feeding internal logic into a wire
    Warning: Converted tri-state buffer "74244:inst10|1" feeding internal logic into a wire
    Warning: Converted tri-state buffer "74244:inst10|6" feeding internal logic into a wire
    Warning: Converted tri-state buffer "74244:inst10|10" feeding internal logic into a wire
    Warning: Converted tri-state buffer "74244:inst10|11" feeding internal logic into a wire
Warning: Output pins are stuck at VCC or GND
    Warning (13410): Pin "LDR4" is stuck at GND
    Warning (13410): Pin "S2" is stuck at GND
Info: Implemented 99 device resources after synthesis - the final resource count might be different
    Info: Implemented 10 input pins
    Info: Implemented 28 output pins
    Info: Implemented 61 logic cells
Info: Quartus II Analysis & Synthesis was successful. 0 errors, 9 warnings
    Info: Peak virtual memory: 252 megabytes
    Info: Processing ended: Wed Mar 11 13:10:52 2020
    Info: Elapsed time: 00:00:04
    Info: Total CPU time (on all processors): 00:00:03


