Analysis & Synthesis report for microcomputer
Mon Apr 01 15:20:13 2019
Quartus II Version 9.0 Build 184 04/29/2009 Service Pack 1 SJ Web Edition


---------------------
; Table of Contents ;
---------------------
  1. Legal Notice
  2. Analysis & Synthesis Summary
  3. Analysis & Synthesis Settings
  4. Analysis & Synthesis Source Files Read
  5. Analysis & Synthesis Resource Usage Summary
  6. Analysis & Synthesis Resource Utilization by Entity
  7. Analysis & Synthesis RAM Summary
  8. State Machine - |microcomputer|jiepai:inst5|fstate
  9. Logic Cells Representing Combinational Loops
 10. Registers Removed During Synthesis
 11. Removed Registers Triggering Further Register Optimizations
 12. General Register Statistics
 13. Inverted Register Statistics
 14. Multiplexer Restructuring Statistics (Restructuring Performed)
 15. Source assignments for shutong:inst20|exp_ram:inst2|LPM_RAM_IO:inst1|altram:sram|altsyncram:ram_block|altsyncram_sca1:auto_generated
 16. Parameter Settings for User Entity Instance: shutong:inst20|exp_ram:inst2|LPM_RAM_IO:inst1
 17. Analysis & Synthesis Messages



----------------
; Legal Notice ;
----------------
Copyright (C) 1991-2009 Altera Corporation
Your use of Altera Corporation's design tools, logic functions 
and other software and tools, and its AMPP partner logic 
functions, and any output files from any of the foregoing 
(including device programming or simulation files), and any 
associated documentation or information are expressly subject 
to the terms and conditions of the Altera Program License 
Subscription Agreement, Altera MegaCore Function License 
Agreement, or other applicable license agreement, including, 
without limitation, that your use is for the sole purpose of 
programming logic devices manufactured by Altera and sold by 
Altera or its authorized distributors.  Please refer to the 
applicable agreement for further details.



+-----------------------------------------------------------------------------------+
; Analysis & Synthesis Summary                                                      ;
+------------------------------------+----------------------------------------------+
; Analysis & Synthesis Status        ; Successful - Mon Apr 01 15:20:13 2019        ;
; Quartus II Version                 ; 9.0 Build 184 04/29/2009 SP 1 SJ Web Edition ;
; Revision Name                      ; microcomputer                                ;
; Top-level Entity Name              ; microcomputer                                ;
; Family                             ; Cyclone II                                   ;
; Total logic elements               ; 317                                          ;
;     Total combinational functions  ; 299                                          ;
;     Dedicated logic registers      ; 78                                           ;
; Total registers                    ; 78                                           ;
; Total pins                         ; 64                                           ;
; Total virtual pins                 ; 0                                            ;
; Total memory bits                  ; 2,048                                        ;
; Embedded Multiplier 9-bit elements ; 0                                            ;
; Total PLLs                         ; 0                                            ;
+------------------------------------+----------------------------------------------+


+--------------------------------------------------------------------------------------------------------+
; Analysis & Synthesis Settings                                                                          ;
+--------------------------------------------------------------+--------------------+--------------------+
; Option                                                       ; Setting            ; Default Value      ;
+--------------------------------------------------------------+--------------------+--------------------+
; Device                                                       ; EP2C5T144C8        ;                    ;
; Top-level entity name                                        ; microcomputer      ; microcomputer      ;
; Family name                                                  ; Cyclone II         ; Stratix II         ;
; Use Generated Physical Constraints File                      ; Off                ;                    ;
; Use smart compilation                                        ; Off                ; Off                ;
; Restructure Multiplexers                                     ; Auto               ; Auto               ;
; Create Debugging Nodes for IP Cores                          ; Off                ; Off                ;
; Preserve fewer node names                                    ; On                 ; On                 ;
; Disable OpenCore Plus hardware evaluation                    ; Off                ; Off                ;
; Verilog Version                                              ; Verilog_2001       ; Verilog_2001       ;
; VHDL Version                                                 ; VHDL93             ; VHDL93             ;
; State Machine Processing                                     ; Auto               ; Auto               ;
; Safe State Machine                                           ; Off                ; Off                ;
; Extract Verilog State Machines                               ; On                 ; On                 ;
; Extract VHDL State Machines                                  ; On                 ; On                 ;
; Ignore Verilog initial constructs                            ; Off                ; Off                ;
; Iteration limit for constant Verilog loops                   ; 5000               ; 5000               ;
; Iteration limit for non-constant Verilog loops               ; 250                ; 250                ;
; Add Pass-Through Logic to Inferred RAMs                      ; On                 ; On                 ;
; Parallel Synthesis                                           ; Off                ; Off                ;
; DSP Block Balancing                                          ; Auto               ; Auto               ;
; NOT Gate Push-Back                                           ; On                 ; On                 ;
; Power-Up Don't Care                                          ; On                 ; On                 ;
; Remove Redundant Logic Cells                                 ; Off                ; Off                ;
; Remove Duplicate Registers                                   ; On                 ; On                 ;
; Ignore CARRY Buffers                                         ; Off                ; Off                ;
; Ignore CASCADE Buffers                                       ; Off                ; Off                ;
; Ignore GLOBAL Buffers                                        ; Off                ; Off                ;
; Ignore ROW GLOBAL Buffers                                    ; Off                ; Off                ;
; Ignore LCELL Buffers                                         ; Off                ; Off                ;
; Ignore SOFT Buffers                                          ; On                 ; On                 ;
; Limit AHDL Integers to 32 Bits                               ; Off                ; Off                ;
; Optimization Technique                                       ; Balanced           ; Balanced           ;
; Carry Chain Length                                           ; 70                 ; 70                 ;
; Auto Carry Chains                                            ; On                 ; On                 ;
; Auto Open-Drain Pins                                         ; On                 ; On                 ;
; Perform WYSIWYG Primitive Resynthesis                        ; Off                ; Off                ;
; Auto ROM Replacement                                         ; On                 ; On                 ;
; Auto RAM Replacement                                         ; On                 ; On                 ;
; Auto Shift Register Replacement                              ; Auto               ; Auto               ;
; Auto Clock Enable Replacement                                ; On                 ; On                 ;
; Strict RAM Replacement                                       ; Off                ; Off                ;
; Allow Synchronous Control Signals                            ; On                 ; On                 ;
; Force Use of Synchronous Clear Signals                       ; Off                ; Off                ;
; Auto RAM to Logic Cell Conversion                            ; Off                ; Off                ;
; Auto Resource Sharing                                        ; Off                ; Off                ;
; Allow Any RAM Size For Recognition                           ; Off                ; Off                ;
; Allow Any ROM Size For Recognition                           ; Off                ; Off                ;
; Allow Any Shift Register Size For Recognition                ; Off                ; Off                ;
; Use LogicLock Constraints during Resource Balancing          ; On                 ; On                 ;
; Ignore translate_off and synthesis_off directives            ; Off                ; Off                ;
; Timing-Driven Synthesis                                      ; Off                ; Off                ;
; Show Parameter Settings Tables in Synthesis Report           ; On                 ; On                 ;
; Ignore Maximum Fan-Out Assignments                           ; Off                ; Off                ;
; Synchronization Register Chain Length                        ; 2                  ; 2                  ;
; PowerPlay Power Optimization                                 ; Normal compilation ; Normal compilation ;
; HDL message level                                            ; Level2             ; Level2             ;
; Suppress Register Optimization Related Messages              ; Off                ; Off                ;
; Number of Removed Registers Reported in Synthesis Report     ; 100                ; 100                ;
; Number of Inverted Registers Reported in Synthesis Report    ; 100                ; 100                ;
; Clock MUX Protection                                         ; On                 ; On                 ;
; Auto Gated Clock Conversion                                  ; Off                ; Off                ;
; Block Design Naming                                          ; Auto               ; Auto               ;
; SDC constraint protection                                    ; Off                ; Off                ;
; Synthesis Effort                                             ; Auto               ; Auto               ;
; Shift Register Replacement - Allow Asynchronous Clear Signal ; On                 ; On                 ;
; Analysis & Synthesis Message Level                           ; Medium             ; Medium             ;
+--------------------------------------------------------------+--------------------+--------------------+


+---------------------------------------------------------------------------------------------------------------------------------------------------------------------+
; Analysis & Synthesis Source Files Read                                                                                                                              ;
+----------------------------------+-----------------+------------------------------------+---------------------------------------------------------------------------+
; File Name with User-Entered Path ; Used in Netlist ; File Type                          ; File Name with Absolute Path                                              ;
+----------------------------------+-----------------+------------------------------------+---------------------------------------------------------------------------+
; microcomputer.bdf                ; yes             ; User Block Diagram/Schematic File  ; C:/Users/伍大煜/Desktop/数字系统/计算机系统/模型机/microcomputer.bdf      ;
; rom.vhd                          ; yes             ; User VHDL File                     ; C:/Users/伍大煜/Desktop/数字系统/计算机系统/模型机/rom.vhd                ;
; kongzhi.bdf                      ; yes             ; User Block Diagram/Schematic File  ; C:/Users/伍大煜/Desktop/数字系统/计算机系统/模型机/kongzhi.bdf            ;
; exp_r_ALU.vhd                    ; yes             ; User VHDL File                     ; C:/Users/伍大煜/Desktop/数字系统/计算机系统/模型机/exp_r_ALU.vhd          ;
; sw_pc_ar.vhd                     ; yes             ; User VHDL File                     ; C:/Users/伍大煜/Desktop/数字系统/计算机系统/模型机/sw_pc_ar.vhd           ;
; exp_ram.bdf                      ; yes             ; User Block Diagram/Schematic File  ; C:/Users/伍大煜/Desktop/数字系统/计算机系统/模型机/exp_ram.bdf            ;
; shutong.bdf                      ; yes             ; User Block Diagram/Schematic File  ; C:/Users/伍大煜/Desktop/数字系统/计算机系统/模型机/shutong.bdf            ;
; counter8.vhd                     ; yes             ; User VHDL File                     ; C:/Users/伍大煜/Desktop/数字系统/计算机系统/模型机/counter8.vhd           ;
; decoder3_8.bdf                   ; yes             ; User Block Diagram/Schematic File  ; C:/Users/伍大煜/Desktop/数字系统/计算机系统/模型机/decoder3_8.bdf         ;
; mux4_8_1.vhd                     ; yes             ; User VHDL File                     ; C:/Users/伍大煜/Desktop/数字系统/计算机系统/模型机/mux4_8_1.vhd           ;
; decoder16.vhd                    ; yes             ; User VHDL File                     ; C:/Users/伍大煜/Desktop/数字系统/计算机系统/模型机/decoder16.vhd          ;
; xianshi.bdf                      ; yes             ; User Block Diagram/Schematic File  ; C:/Users/伍大煜/Desktop/数字系统/计算机系统/模型机/xianshi.bdf            ;
; initial_file.mif                 ; yes             ; User Memory Initialization File    ; C:/Users/伍大煜/Desktop/数字系统/计算机系统/模型机/initial_file.mif       ;
; jiepai.vhd                       ; yes             ; User VHDL File                     ; C:/Users/伍大煜/Desktop/数字系统/计算机系统/模型机/jiepai.vhd             ;
; 7474.bdf                         ; yes             ; Megafunction                       ; c:/altera/90sp1/quartus/libraries/others/maxplus2/7474.bdf                ;
; 74244.bdf                        ; yes             ; Megafunction                       ; c:/altera/90sp1/quartus/libraries/others/maxplus2/74244.bdf               ;
; 74273.bdf                        ; yes             ; Megafunction                       ; c:/altera/90sp1/quartus/libraries/others/maxplus2/74273.bdf               ;
; LPM_RAM_IO.tdf                   ; yes             ; Megafunction                       ; c:/altera/90sp1/quartus/libraries/megafunctions/LPM_RAM_IO.tdf            ;
; altram.inc                       ; yes             ; Megafunction                       ; c:/altera/90sp1/quartus/libraries/megafunctions/altram.inc                ;
; lpm_mux.inc                      ; yes             ; Megafunction                       ; c:/altera/90sp1/quartus/libraries/megafunctions/lpm_mux.inc               ;
; lpm_decode.inc                   ; yes             ; Megafunction                       ; c:/altera/90sp1/quartus/libraries/megafunctions/lpm_decode.inc            ;
; aglobal90.inc                    ; yes             ; Megafunction                       ; c:/altera/90sp1/quartus/libraries/megafunctions/aglobal90.inc             ;
; altram.tdf                       ; yes             ; Megafunction                       ; c:/altera/90sp1/quartus/libraries/megafunctions/altram.tdf                ;
; memmodes.inc                     ; yes             ; Megafunction                       ; c:/altera/90sp1/quartus/libraries/others/maxplus2/memmodes.inc            ;
; altsyncram.inc                   ; yes             ; Megafunction                       ; c:/altera/90sp1/quartus/libraries/megafunctions/altsyncram.inc            ;
; altqpram.inc                     ; yes             ; Megafunction                       ; c:/altera/90sp1/quartus/libraries/megafunctions/altqpram.inc              ;
; altsyncram.tdf                   ; yes             ; Megafunction                       ; c:/altera/90sp1/quartus/libraries/megafunctions/altsyncram.tdf            ;
; stratix_ram_block.inc            ; yes             ; Megafunction                       ; c:/altera/90sp1/quartus/libraries/megafunctions/stratix_ram_block.inc     ;
; a_rdenreg.inc                    ; yes             ; Megafunction                       ; c:/altera/90sp1/quartus/libraries/megafunctions/a_rdenreg.inc             ;
; altrom.inc                       ; yes             ; Megafunction                       ; c:/altera/90sp1/quartus/libraries/megafunctions/altrom.inc                ;
; altdpram.inc                     ; yes             ; Megafunction                       ; c:/altera/90sp1/quartus/libraries/megafunctions/altdpram.inc              ;
; db/altsyncram_sca1.tdf           ; yes             ; Auto-Generated Megafunction        ; C:/Users/伍大煜/Desktop/数字系统/计算机系统/模型机/db/altsyncram_sca1.tdf ;
+----------------------------------+-----------------+------------------------------------+---------------------------------------------------------------------------+


+-----------------------------------------------------+
; Analysis & Synthesis Resource Usage Summary         ;
+---------------------------------------------+-------+
; Resource                                    ; Usage ;
+---------------------------------------------+-------+
; Estimated Total logic elements              ; 317   ;
;                                             ;       ;
; Total combinational functions               ; 299   ;
; Logic element usage by number of LUT inputs ;       ;
;     -- 4 input functions                    ; 177   ;
;     -- 3 input functions                    ; 64    ;
;     -- <=2 input functions                  ; 58    ;
;                                             ;       ;
; Logic elements by mode                      ;       ;
;     -- normal mode                          ; 255   ;
;     -- arithmetic mode                      ; 44    ;
;                                             ;       ;
; Total registers                             ; 78    ;
;     -- Dedicated logic registers            ; 78    ;
;     -- I/O registers                        ; 0     ;
;                                             ;       ;
; I/O pins                                    ; 64    ;
; Total memory bits                           ; 2048  ;
; Maximum fan-out node                        ; CLR   ;
; Maximum fan-out                             ; 37    ;
; Total fan-out                               ; 1394  ;
; Average fan-out                             ; 3.10  ;
+---------------------------------------------+-------+


+--------------------------------------------------------------------------------------------------------------------------------------------------------------------------------------------------------------------------------------------------------------------------------------------------------------+
; Analysis & Synthesis Resource Utilization by Entity                                                                                                                                                                                                                                                          ;
+----------------------------------------------------+-------------------+--------------+-------------+--------------+---------+-----------+------+--------------+------------------------------------------------------------------------------------------------------------------------------+--------------+
; Compilation Hierarchy Node                         ; LC Combinationals ; LC Registers ; Memory Bits ; DSP Elements ; DSP 9x9 ; DSP 18x18 ; Pins ; Virtual Pins ; Full Hierarchy Name                                                                                                          ; Library Name ;
+----------------------------------------------------+-------------------+--------------+-------------+--------------+---------+-----------+------+--------------+------------------------------------------------------------------------------------------------------------------------------+--------------+
; |microcomputer                                     ; 299 (0)           ; 78 (0)       ; 2048        ; 0            ; 0       ; 0         ; 64   ; 0            ; |microcomputer                                                                                                               ; work         ;
;    |jiepai:inst5|                                  ; 15 (15)           ; 8 (8)        ; 0           ; 0            ; 0       ; 0         ; 0    ; 0            ; |microcomputer|jiepai:inst5                                                                                                  ; work         ;
;    |kongzhi:inst|                                  ; 71 (4)            ; 27 (0)       ; 0           ; 0            ; 0       ; 0         ; 0    ; 0            ; |microcomputer|kongzhi:inst                                                                                                  ; work         ;
;       |74273:inst11|                               ; 0 (0)             ; 7 (7)        ; 0           ; 0            ; 0       ; 0         ; 0    ; 0            ; |microcomputer|kongzhi:inst|74273:inst11                                                                                     ; work         ;
;       |74273:inst12|                               ; 0 (0)             ; 5 (5)        ; 0           ; 0            ; 0       ; 0         ; 0    ; 0            ; |microcomputer|kongzhi:inst|74273:inst12                                                                                     ; work         ;
;       |74273:inst14|                               ; 0 (0)             ; 7 (7)        ; 0           ; 0            ; 0       ; 0         ; 0    ; 0            ; |microcomputer|kongzhi:inst|74273:inst14                                                                                     ; work         ;
;       |74273:inst6|                                ; 0 (0)             ; 3 (3)        ; 0           ; 0            ; 0       ; 0         ; 0    ; 0            ; |microcomputer|kongzhi:inst|74273:inst6                                                                                      ; work         ;
;       |7474:inst7|                                 ; 8 (8)             ; 2 (2)        ; 0           ; 0            ; 0       ; 0         ; 0    ; 0            ; |microcomputer|kongzhi:inst|7474:inst7                                                                                       ; work         ;
;       |7474:inst8|                                 ; 8 (8)             ; 2 (2)        ; 0           ; 0            ; 0       ; 0         ; 0    ; 0            ; |microcomputer|kongzhi:inst|7474:inst8                                                                                       ; work         ;
;       |7474:inst9|                                 ; 4 (4)             ; 1 (1)        ; 0           ; 0            ; 0       ; 0         ; 0    ; 0            ; |microcomputer|kongzhi:inst|7474:inst9                                                                                       ; work         ;
;       |rom:inst|                                   ; 47 (47)           ; 0 (0)        ; 0           ; 0            ; 0       ; 0         ; 0    ; 0            ; |microcomputer|kongzhi:inst|rom:inst                                                                                         ; work         ;
;    |shutong:inst20|                                ; 174 (0)           ; 40 (0)       ; 2048        ; 0            ; 0       ; 0         ; 0    ; 0            ; |microcomputer|shutong:inst20                                                                                                ; work         ;
;       |exp_r_ALU:inst|                             ; 155 (155)         ; 24 (24)      ; 0           ; 0            ; 0       ; 0         ; 0    ; 0            ; |microcomputer|shutong:inst20|exp_r_ALU:inst                                                                                 ; work         ;
;       |exp_ram:inst2|                              ; 19 (0)            ; 16 (0)       ; 2048        ; 0            ; 0       ; 0         ; 0    ; 0            ; |microcomputer|shutong:inst20|exp_ram:inst2                                                                                  ; work         ;
;          |lpm_ram_io:inst1|                        ; 1 (1)             ; 0 (0)        ; 2048        ; 0            ; 0       ; 0         ; 0    ; 0            ; |microcomputer|shutong:inst20|exp_ram:inst2|lpm_ram_io:inst1                                                                 ; work         ;
;             |altram:sram|                          ; 0 (0)             ; 0 (0)        ; 2048        ; 0            ; 0       ; 0         ; 0    ; 0            ; |microcomputer|shutong:inst20|exp_ram:inst2|lpm_ram_io:inst1|altram:sram                                                     ; work         ;
;                |altsyncram:ram_block|              ; 0 (0)             ; 0 (0)        ; 2048        ; 0            ; 0       ; 0         ; 0    ; 0            ; |microcomputer|shutong:inst20|exp_ram:inst2|lpm_ram_io:inst1|altram:sram|altsyncram:ram_block                                ; work         ;
;                   |altsyncram_sca1:auto_generated| ; 0 (0)             ; 0 (0)        ; 2048        ; 0            ; 0       ; 0         ; 0    ; 0            ; |microcomputer|shutong:inst20|exp_ram:inst2|lpm_ram_io:inst1|altram:sram|altsyncram:ram_block|altsyncram_sca1:auto_generated ; work         ;
;          |sw_pc_ar:inst|                           ; 18 (18)           ; 16 (16)      ; 0           ; 0            ; 0       ; 0         ; 0    ; 0            ; |microcomputer|shutong:inst20|exp_ram:inst2|sw_pc_ar:inst                                                                    ; work         ;
;    |xianshi:inst18|                                ; 39 (0)            ; 3 (0)        ; 0           ; 0            ; 0       ; 0         ; 0    ; 0            ; |microcomputer|xianshi:inst18                                                                                                ; work         ;
;       |counter8:inst|                              ; 4 (4)             ; 3 (3)        ; 0           ; 0            ; 0       ; 0         ; 0    ; 0            ; |microcomputer|xianshi:inst18|counter8:inst                                                                                  ; work         ;
;       |decoder16:inst3|                            ; 7 (7)             ; 0 (0)        ; 0           ; 0            ; 0       ; 0         ; 0    ; 0            ; |microcomputer|xianshi:inst18|decoder16:inst3                                                                                ; work         ;
;       |decoder3_8:inst1|                           ; 8 (8)             ; 0 (0)        ; 0           ; 0            ; 0       ; 0         ; 0    ; 0            ; |microcomputer|xianshi:inst18|decoder3_8:inst1                                                                               ; work         ;
;       |mux4_8_1:inst2|                             ; 20 (20)           ; 0 (0)        ; 0           ; 0            ; 0       ; 0         ; 0    ; 0            ; |microcomputer|xianshi:inst18|mux4_8_1:inst2                                                                                 ; work         ;
+----------------------------------------------------+-------------------+--------------+-------------+--------------+---------+-----------+------+--------------+------------------------------------------------------------------------------------------------------------------------------+--------------+
Note: For table entries with two numbers listed, the numbers in parentheses indicate the number of resources of the given type used by the specific entity alone. The numbers listed outside of parentheses indicate the total resources of the given type used by the specific entity and all of its sub-entities in the hierarchy.


+---------------------------------------------------------------------------------------------------------------------------------------------------------------------------------------------------------------------------------------+
; Analysis & Synthesis RAM Summary                                                                                                                                                                                                      ;
+--------------------------------------------------------------------------------------------------------------------------+------+-------------+--------------+--------------+--------------+--------------+------+--------------------+
; Name                                                                                                                     ; Type ; Mode        ; Port A Depth ; Port A Width ; Port B Depth ; Port B Width ; Size ; MIF                ;
+--------------------------------------------------------------------------------------------------------------------------+------+-------------+--------------+--------------+--------------+--------------+------+--------------------+
; shutong:inst20|exp_ram:inst2|lpm_ram_io:inst1|altram:sram|altsyncram:ram_block|altsyncram_sca1:auto_generated|ALTSYNCRAM ; AUTO ; Single Port ; 256          ; 8            ; --           ; --           ; 2048 ; ./initial_file.mif ;
+--------------------------------------------------------------------------------------------------------------------------+------+-------------+--------------+--------------+--------------+--------------+------+--------------------+


Encoding Type:  One-Hot
+-----------------------------------------------------------------------------------------------------------------------------+
; State Machine - |microcomputer|jiepai:inst5|fstate                                                                          ;
+--------------+--------------+--------------+------------+------------+------------+--------------+------------+-------------+
; Name         ; fstate.s_st3 ; fstate.s_st4 ; fstate.st3 ; fstate.st2 ; fstate.st4 ; fstate.s_st2 ; fstate.st1 ; fstate.idle ;
+--------------+--------------+--------------+------------+------------+------------+--------------+------------+-------------+
; fstate.idle  ; 0            ; 0            ; 0          ; 0          ; 0          ; 0            ; 0          ; 0           ;
; fstate.st1   ; 0            ; 0            ; 0          ; 0          ; 0          ; 0            ; 1          ; 1           ;
; fstate.s_st2 ; 0            ; 0            ; 0          ; 0          ; 0          ; 1            ; 0          ; 1           ;
; fstate.st4   ; 0            ; 0            ; 0          ; 0          ; 1          ; 0            ; 0          ; 1           ;
; fstate.st2   ; 0            ; 0            ; 0          ; 1          ; 0          ; 0            ; 0          ; 1           ;
; fstate.st3   ; 0            ; 0            ; 1          ; 0          ; 0          ; 0            ; 0          ; 1           ;
; fstate.s_st4 ; 0            ; 1            ; 0          ; 0          ; 0          ; 0            ; 0          ; 1           ;
; fstate.s_st3 ; 1            ; 0            ; 0          ; 0          ; 0          ; 0            ; 0          ; 1           ;
+--------------+--------------+--------------+------------+------------+------------+--------------+------------+-------------+


+------------------------------------------------------------+
; Logic Cells Representing Combinational Loops               ;
+--------------------------------------------------------+---+
; Logic Cell Name                                        ;   ;
+--------------------------------------------------------+---+
; shutong:inst20|exp_r_ALU:inst|bus_Reg~36               ;   ;
; Number of logic cells representing combinational loops ; 1 ;
+--------------------------------------------------------+---+
Note: All cells listed above may not be present at the end of synthesis due to various synthesis optimizations.


+------------------------------------------------------------------------------------------+
; Registers Removed During Synthesis                                                       ;
+----------------------------------------+-------------------------------------------------+
; Register name                          ; Reason for Removal                              ;
+----------------------------------------+-------------------------------------------------+
; kongzhi:inst|74273:inst11|18           ; Stuck at GND due to stuck port data_in          ;
; kongzhi:inst|74273:inst12|18           ; Stuck at GND due to stuck port data_in          ;
; kongzhi:inst|74273:inst14|15           ; Merged with kongzhi:inst|74273:inst14|19        ;
; shutong:inst20|exp_r_ALU:inst|r4[1..7] ; Merged with shutong:inst20|exp_r_ALU:inst|r4[0] ;
; shutong:inst20|exp_r_ALU:inst|r4[0]    ; Stuck at GND due to stuck port data_in          ;
; kongzhi:inst|74273:inst12|16           ; Merged with kongzhi:inst|74273:inst12|19        ;
; xianshi:inst18|counter8:inst|iq[3..31] ; Lost fanout                                     ;
; Total Number of Removed Registers = 41 ;                                                 ;
+----------------------------------------+-------------------------------------------------+


+---------------------------------------------------------------------------------------------------+
; Removed Registers Triggering Further Register Optimizations                                       ;
+------------------------------+---------------------------+----------------------------------------+
; Register name                ; Reason for Removal        ; Registers Removed due to This Register ;
+------------------------------+---------------------------+----------------------------------------+
; kongzhi:inst|74273:inst12|18 ; Stuck at GND              ; shutong:inst20|exp_r_ALU:inst|r4[0]    ;
;                              ; due to stuck port data_in ;                                        ;
+------------------------------+---------------------------+----------------------------------------+


+------------------------------------------------------+
; General Register Statistics                          ;
+----------------------------------------------+-------+
; Statistic                                    ; Value ;
+----------------------------------------------+-------+
; Total registers                              ; 78    ;
; Number of registers using Synchronous Clear  ; 1     ;
; Number of registers using Synchronous Load   ; 8     ;
; Number of registers using Asynchronous Clear ; 35    ;
; Number of registers using Asynchronous Load  ; 0     ;
; Number of registers using Clock Enable       ; 32    ;
; Number of registers using Preset             ; 0     ;
+----------------------------------------------+-------+


+--------------------------------------------------+
; Inverted Register Statistics                     ;
+----------------------------------------+---------+
; Inverted Register                      ; Fan out ;
+----------------------------------------+---------+
; xianshi:inst18|counter8:inst|iq[0]     ; 16      ;
; Total number of inverted registers = 1 ;         ;
+----------------------------------------+---------+


+-----------------------------------------------------------------------------------------------------------------------------------------------------------------------+
; Multiplexer Restructuring Statistics (Restructuring Performed)                                                                                                        ;
+--------------------+-----------+---------------+----------------------+------------------------+------------+---------------------------------------------------------+
; Multiplexer Inputs ; Bus Width ; Baseline Area ; Area if Restructured ; Saving if Restructured ; Registered ; Example Multiplexer Output                              ;
+--------------------+-----------+---------------+----------------------+------------------------+------------+---------------------------------------------------------+
; 32:1               ; 2 bits    ; 42 LEs        ; 14 LEs               ; 28 LEs                 ; Yes        ; |microcomputer|kongzhi:inst|74273:inst11|16             ;
; 32:1               ; 2 bits    ; 42 LEs        ; 12 LEs               ; 30 LEs                 ; Yes        ; |microcomputer|kongzhi:inst|74273:inst11|19             ;
; 8:1                ; 3 bits    ; 15 LEs        ; 12 LEs               ; 3 LEs                  ; No         ; |microcomputer|xianshi:inst18|mux4_8_1:inst2|dout[3]    ;
; 20:1               ; 7 bits    ; 91 LEs        ; 70 LEs               ; 21 LEs                 ; No         ; |microcomputer|shutong:inst20|exp_r_ALU:inst|bus_Reg[0] ;
+--------------------+-----------+---------------+----------------------+------------------------+------------+---------------------------------------------------------+


+--------------------------------------------------------------------------------------------------------------------------------------+
; Source assignments for shutong:inst20|exp_ram:inst2|LPM_RAM_IO:inst1|altram:sram|altsyncram:ram_block|altsyncram_sca1:auto_generated ;
+---------------------------------+--------------------+------+------------------------------------------------------------------------+
; Assignment                      ; Value              ; From ; To                                                                     ;
+---------------------------------+--------------------+------+------------------------------------------------------------------------+
; OPTIMIZE_POWER_DURING_SYNTHESIS ; NORMAL_COMPILATION ; -    ; -                                                                      ;
+---------------------------------+--------------------+------+------------------------------------------------------------------------+


+--------------------------------------------------------------------------------------------+
; Parameter Settings for User Entity Instance: shutong:inst20|exp_ram:inst2|LPM_RAM_IO:inst1 ;
+------------------------+--------------------+----------------------------------------------+
; Parameter Name         ; Value              ; Type                                         ;
+------------------------+--------------------+----------------------------------------------+
; LPM_WIDTH              ; 8                  ; Signed Integer                               ;
; LPM_WIDTHAD            ; 8                  ; Signed Integer                               ;
; LPM_NUMWORDS           ; 256                ; Signed Integer                               ;
; LPM_INDATA             ; REGISTERED         ; Untyped                                      ;
; LPM_ADDRESS_CONTROL    ; REGISTERED         ; Untyped                                      ;
; LPM_OUTDATA            ; UNREGISTERED       ; Untyped                                      ;
; LPM_FILE               ; ./initial_file.mif ; Untyped                                      ;
; USE_EAB                ; ON                 ; Untyped                                      ;
; DEVICE_FAMILY          ; Cyclone II         ; Untyped                                      ;
; AUTO_CARRY_CHAINS      ; ON                 ; AUTO_CARRY                                   ;
; IGNORE_CARRY_BUFFERS   ; OFF                ; IGNORE_CARRY                                 ;
; AUTO_CASCADE_CHAINS    ; ON                 ; AUTO_CASCADE                                 ;
; IGNORE_CASCADE_BUFFERS ; OFF                ; IGNORE_CASCADE                               ;
+------------------------+--------------------+----------------------------------------------+
Note: In order to hide this table in the UI and the text report file, please set the "Show Parameter Settings Tables in Synthesis Report" option in "Analysis and Synthesis Settings -> More Settings" to "Off".


+-------------------------------+
; Analysis & Synthesis Messages ;
+-------------------------------+
Info: *******************************************************************
Info: Running Quartus II Analysis & Synthesis
    Info: Version 9.0 Build 184 04/29/2009 Service Pack 1 SJ Web Edition
    Info: Processing started: Mon Apr 01 15:20:03 2019
Info: Command: quartus_map --read_settings_files=on --write_settings_files=off microcomputer -c microcomputer
Info: Found 1 design units, including 1 entities, in source file microcomputer.bdf
    Info: Found entity 1: microcomputer
Info: Found 2 design units, including 1 entities, in source file rom.vhd
    Info: Found design unit 1: rom-SYN
    Info: Found entity 1: rom
Info: Found 1 design units, including 1 entities, in source file kongzhi.bdf
    Info: Found entity 1: kongzhi
Info: Found 2 design units, including 1 entities, in source file exp_r_ALU.vhd
    Info: Found design unit 1: exp_r_ALU-rtl
    Info: Found entity 1: exp_r_ALU
Info: Found 2 design units, including 1 entities, in source file sw_pc_ar.vhd
    Info: Found design unit 1: sw_pc_ar-rtl
    Info: Found entity 1: sw_pc_ar
Info: Found 1 design units, including 1 entities, in source file exp_ram.bdf
    Info: Found entity 1: exp_ram
Info: Found 1 design units, including 1 entities, in source file shutong.bdf
    Info: Found entity 1: shutong
Info: Found 2 design units, including 1 entities, in source file counter8.vhd
    Info: Found design unit 1: counter8-Behavioral
    Info: Found entity 1: counter8
Info: Found 1 design units, including 1 entities, in source file decoder3_8.bdf
    Info: Found entity 1: decoder3_8
Info: Found 2 design units, including 1 entities, in source file mux4_8_1.vhd
    Info: Found design unit 1: mux4_8_1-rtl
    Info: Found entity 1: mux4_8_1
Info: Found 2 design units, including 1 entities, in source file decoder16.vhd
    Info: Found design unit 1: decoder16-rtl
    Info: Found entity 1: decoder16
Info: Found 1 design units, including 1 entities, in source file xianshi.bdf
    Info: Found entity 1: xianshi
Info: Found 2 design units, including 1 entities, in source file jiepai.vhd
    Info: Found design unit 1: jiepai-BEHAVIOR
    Info: Found entity 1: jiepai
Info: Elaborating entity "microcomputer" for the top level hierarchy
Info: Elaborating entity "jiepai" for hierarchy "jiepai:inst5"
Info: Elaborating entity "xianshi" for hierarchy "xianshi:inst18"
Info: Elaborating entity "decoder16" for hierarchy "xianshi:inst18|decoder16:inst3"
Info: Elaborating entity "mux4_8_1" for hierarchy "xianshi:inst18|mux4_8_1:inst2"
Info: Elaborating entity "counter8" for hierarchy "xianshi:inst18|counter8:inst"
Info: Elaborating entity "decoder3_8" for hierarchy "xianshi:inst18|decoder3_8:inst1"
Info: Elaborating entity "kongzhi" for hierarchy "kongzhi:inst"
Info: Elaborating entity "7474" for hierarchy "kongzhi:inst|7474:inst7"
Info: Elaborated megafunction instantiation "kongzhi:inst|7474:inst7"
Info: Elaborating entity "rom" for hierarchy "kongzhi:inst|rom:inst"
Info: Elaborating entity "74244" for hierarchy "kongzhi:inst|74244:inst10"
Info: Elaborated megafunction instantiation "kongzhi:inst|74244:inst10"
Info: Elaborating entity "74273" for hierarchy "kongzhi:inst|74273:inst12"
Info: Elaborated megafunction instantiation "kongzhi:inst|74273:inst12"
Info: Elaborating entity "shutong" for hierarchy "shutong:inst20"
Info: Elaborating entity "exp_ram" for hierarchy "shutong:inst20|exp_ram:inst2"
Info: Elaborating entity "sw_pc_ar" for hierarchy "shutong:inst20|exp_ram:inst2|sw_pc_ar:inst"
Info: Elaborating entity "LPM_RAM_IO" for hierarchy "shutong:inst20|exp_ram:inst2|LPM_RAM_IO:inst1"
Info: Elaborated megafunction instantiation "shutong:inst20|exp_ram:inst2|LPM_RAM_IO:inst1"
Info: Instantiated megafunction "shutong:inst20|exp_ram:inst2|LPM_RAM_IO:inst1" with the following parameter:
    Info: Parameter "LPM_ADDRESS_CONTROL" = "REGISTERED"
    Info: Parameter "LPM_FILE" = "./initial_file.mif"
    Info: Parameter "LPM_INDATA" = "REGISTERED"
    Info: Parameter "LPM_NUMWORDS" = "256"
    Info: Parameter "LPM_OUTDATA" = "UNREGISTERED"
    Info: Parameter "LPM_WIDTH" = "8"
    Info: Parameter "LPM_WIDTHAD" = "8"
Info: Elaborating entity "altram" for hierarchy "shutong:inst20|exp_ram:inst2|LPM_RAM_IO:inst1|altram:sram"
Warning: Assertion warning: altram does not support Cyclone II device family -- attempting best-case memory conversions, but power-up states and read during write behavior will be different for Cyclone II devices
Info: Elaborated megafunction instantiation "shutong:inst20|exp_ram:inst2|LPM_RAM_IO:inst1|altram:sram", which is child of megafunction instantiation "shutong:inst20|exp_ram:inst2|LPM_RAM_IO:inst1"
Info: Elaborating entity "altsyncram" for hierarchy "shutong:inst20|exp_ram:inst2|LPM_RAM_IO:inst1|altram:sram|altsyncram:ram_block"
Info: Elaborated megafunction instantiation "shutong:inst20|exp_ram:inst2|LPM_RAM_IO:inst1|altram:sram|altsyncram:ram_block", which is child of megafunction instantiation "shutong:inst20|exp_ram:inst2|LPM_RAM_IO:inst1"
Info: Found 1 design units, including 1 entities, in source file db/altsyncram_sca1.tdf
    Info: Found entity 1: altsyncram_sca1
Info: Elaborating entity "altsyncram_sca1" for hierarchy "shutong:inst20|exp_ram:inst2|LPM_RAM_IO:inst1|altram:sram|altsyncram:ram_block|altsyncram_sca1:auto_generated"
Info: Elaborating entity "exp_r_ALU" for hierarchy "shutong:inst20|exp_r_ALU:inst"
Warning: Tri-state node(s) do not directly drive top-level pin(s)
    Warning: Converted tri-state buffer "kongzhi:inst|74244:inst10|36" feeding internal logic into a wire
    Warning: Converted tri-state buffer "kongzhi:inst|74244:inst10|1" feeding internal logic into a wire
    Warning: Converted tri-state buffer "kongzhi:inst|74244:inst10|6" feeding internal logic into a wire
    Warning: Converted tri-state buffer "kongzhi:inst|74244:inst10|10" feeding internal logic into a wire
    Warning: Converted tri-state buffer "kongzhi:inst|74244:inst10|11" feeding internal logic into a wire
Warning: Tri-state node(s) do not directly drive top-level pin(s)
    Warning: Converted the fan-out from the tri-state buffer "shutong:inst20|exp_r_ALU:inst|d[6]" to the node "shutong:inst20|exp_ram:inst2|lpm_ram_io:inst1|altram:sram|altsyncram:ram_block|altsyncram_sca1:auto_generated|q_a[6]" into an OR gate
    Warning: Converted the fan-out from the tri-state buffer "shutong:inst20|exp_r_ALU:inst|d[2]" to the node "shutong:inst20|exp_ram:inst2|lpm_ram_io:inst1|altram:sram|altsyncram:ram_block|altsyncram_sca1:auto_generated|q_a[2]" into an OR gate
    Warning: Converted the fan-out from the tri-state buffer "shutong:inst20|exp_r_ALU:inst|d[0]" to the node "shutong:inst20|exp_ram:inst2|lpm_ram_io:inst1|altram:sram|altsyncram:ram_block|altsyncram_sca1:auto_generated|q_a[0]" into an OR gate
    Warning: Converted the fan-out from the tri-state buffer "shutong:inst20|exp_r_ALU:inst|d[4]" to the node "shutong:inst20|exp_ram:inst2|lpm_ram_io:inst1|altram:sram|altsyncram:ram_block|altsyncram_sca1:auto_generated|q_a[4]" into an OR gate
    Warning: Converted the fan-out from the tri-state buffer "shutong:inst20|exp_r_ALU:inst|d[5]" to the node "shutong:inst20|exp_ram:inst2|lpm_ram_io:inst1|altram:sram|altsyncram:ram_block|altsyncram_sca1:auto_generated|q_a[5]" into an OR gate
    Warning: Converted the fan-out from the tri-state buffer "shutong:inst20|exp_r_ALU:inst|d[1]" to the node "shutong:inst20|exp_ram:inst2|lpm_ram_io:inst1|altram:sram|altsyncram:ram_block|altsyncram_sca1:auto_generated|q_a[1]" into an OR gate
    Warning: Converted the fan-out from the tri-state buffer "shutong:inst20|exp_r_ALU:inst|d[7]" to the node "shutong:inst20|exp_ram:inst2|lpm_ram_io:inst1|altram:sram|altsyncram:ram_block|altsyncram_sca1:auto_generated|q_a[7]" into an OR gate
    Warning: Converted the fan-out from the tri-state buffer "shutong:inst20|exp_r_ALU:inst|d[3]" to the node "shutong:inst20|exp_ram:inst2|lpm_ram_io:inst1|altram:sram|altsyncram:ram_block|altsyncram_sca1:auto_generated|q_a[3]" into an OR gate
Warning: Presettable and clearable registers converted to equivalent circuits with latches. Registers power-up to an undefined state, and DEVCLRn places the registers in an undefined state.
    Warning (13310): Register "kongzhi:inst|7474:inst8|9" is converted into an equivalent circuit using register "kongzhi:inst|7474:inst8|9~_emulated" and latch "kongzhi:inst|7474:inst8|9~latch"
    Warning (13310): Register "kongzhi:inst|7474:inst7|9" is converted into an equivalent circuit using register "kongzhi:inst|7474:inst7|9~_emulated" and latch "kongzhi:inst|7474:inst7|9~latch"
    Warning (13310): Register "kongzhi:inst|7474:inst9|9" is converted into an equivalent circuit using register "kongzhi:inst|7474:inst9|9~_emulated" and latch "kongzhi:inst|7474:inst9|9~latch"
    Warning (13310): Register "kongzhi:inst|7474:inst8|10" is converted into an equivalent circuit using register "kongzhi:inst|7474:inst8|10~_emulated" and latch "kongzhi:inst|7474:inst8|10~latch"
    Warning (13310): Register "kongzhi:inst|7474:inst7|10" is converted into an equivalent circuit using register "kongzhi:inst|7474:inst7|10~_emulated" and latch "kongzhi:inst|7474:inst7|10~latch"
Info: 29 registers lost all their fanouts during netlist optimizations. The first 29 are displayed below.
    Info: Register "xianshi:inst18|counter8:inst|iq[31]" lost all its fanouts during netlist optimizations.
    Info: Register "xianshi:inst18|counter8:inst|iq[30]" lost all its fanouts during netlist optimizations.
    Info: Register "xianshi:inst18|counter8:inst|iq[29]" lost all its fanouts during netlist optimizations.
    Info: Register "xianshi:inst18|counter8:inst|iq[28]" lost all its fanouts during netlist optimizations.
    Info: Register "xianshi:inst18|counter8:inst|iq[27]" lost all its fanouts during netlist optimizations.
    Info: Register "xianshi:inst18|counter8:inst|iq[26]" lost all its fanouts during netlist optimizations.
    Info: Register "xianshi:inst18|counter8:inst|iq[25]" lost all its fanouts during netlist optimizations.
    Info: Register "xianshi:inst18|counter8:inst|iq[24]" lost all its fanouts during netlist optimizations.
    Info: Register "xianshi:inst18|counter8:inst|iq[23]" lost all its fanouts during netlist optimizations.
    Info: Register "xianshi:inst18|counter8:inst|iq[22]" lost all its fanouts during netlist optimizations.
    Info: Register "xianshi:inst18|counter8:inst|iq[21]" lost all its fanouts during netlist optimizations.
    Info: Register "xianshi:inst18|counter8:inst|iq[20]" lost all its fanouts during netlist optimizations.
    Info: Register "xianshi:inst18|counter8:inst|iq[19]" lost all its fanouts during netlist optimizations.
    Info: Register "xianshi:inst18|counter8:inst|iq[18]" lost all its fanouts during netlist optimizations.
    Info: Register "xianshi:inst18|counter8:inst|iq[17]" lost all its fanouts during netlist optimizations.
    Info: Register "xianshi:inst18|counter8:inst|iq[16]" lost all its fanouts during netlist optimizations.
    Info: Register "xianshi:inst18|counter8:inst|iq[15]" lost all its fanouts during netlist optimizations.
    Info: Register "xianshi:inst18|counter8:inst|iq[14]" lost all its fanouts during netlist optimizations.
    Info: Register "xianshi:inst18|counter8:inst|iq[13]" lost all its fanouts during netlist optimizations.
    Info: Register "xianshi:inst18|counter8:inst|iq[12]" lost all its fanouts during netlist optimizations.
    Info: Register "xianshi:inst18|counter8:inst|iq[11]" lost all its fanouts during netlist optimizations.
    Info: Register "xianshi:inst18|counter8:inst|iq[10]" lost all its fanouts during netlist optimizations.
    Info: Register "xianshi:inst18|counter8:inst|iq[9]" lost all its fanouts during netlist optimizations.
    Info: Register "xianshi:inst18|counter8:inst|iq[8]" lost all its fanouts during netlist optimizations.
    Info: Register "xianshi:inst18|counter8:inst|iq[7]" lost all its fanouts during netlist optimizations.
    Info: Register "xianshi:inst18|counter8:inst|iq[6]" lost all its fanouts during netlist optimizations.
    Info: Register "xianshi:inst18|counter8:inst|iq[5]" lost all its fanouts during netlist optimizations.
    Info: Register "xianshi:inst18|counter8:inst|iq[4]" lost all its fanouts during netlist optimizations.
    Info: Register "xianshi:inst18|counter8:inst|iq[3]" lost all its fanouts during netlist optimizations.
Info: Implemented 410 device resources after synthesis - the final resource count might be different
    Info: Implemented 16 input pins
    Info: Implemented 48 output pins
    Info: Implemented 338 logic cells
    Info: Implemented 8 RAM segments
Info: Quartus II Analysis & Synthesis was successful. 0 errors, 22 warnings
    Info: Peak virtual memory: 282 megabytes
    Info: Processing ended: Mon Apr 01 15:20:13 2019
    Info: Elapsed time: 00:00:10
    Info: Total CPU time (on all processors): 00:00:09


