Analysis & Synthesis report for zjw_zongxian
Sun Mar 01 13:06:20 2020
Quartus II Version 9.0 Build 184 04/29/2009 Service Pack 1 SJ Web Edition


---------------------
; Table of Contents ;
---------------------
  1. Legal Notice
  2. Analysis & Synthesis Summary
  3. Analysis & Synthesis Settings
  4. Analysis & Synthesis Source Files Read
  5. Analysis & Synthesis Resource Usage Summary
  6. Analysis & Synthesis Resource Utilization by Entity
  7. General Register Statistics
  8. Analysis & Synthesis Messages



----------------
; Legal Notice ;
----------------
Copyright (C) 1991-2009 Altera Corporation
Your use of Altera Corporation's design tools, logic functions 
and other software and tools, and its AMPP partner logic 
functions, and any output files from any of the foregoing 
(including device programming or simulation files), and any 
associated documentation or information are expressly subject 
to the terms and conditions of the Altera Program License 
Subscription Agreement, Altera MegaCore Function License 
Agreement, or other applicable license agreement, including, 
without limitation, that your use is for the sole purpose of 
programming logic devices manufactured by Altera and sold by 
Altera or its authorized distributors.  Please refer to the 
applicable agreement for further details.



+----------------------------------------------------------------------------+
; Analysis & Synthesis Summary                                               ;
+-----------------------------+----------------------------------------------+
; Analysis & Synthesis Status ; Successful - Sun Mar 01 13:06:20 2020        ;
; Quartus II Version          ; 9.0 Build 184 04/29/2009 SP 1 SJ Web Edition ;
; Revision Name               ; zjw_zongxian                                 ;
; Top-level Entity Name       ; zjw_zongxian                                 ;
; Family                      ; Cyclone                                      ;
; Total logic elements        ; 60                                           ;
; Total pins                  ; 32                                           ;
; Total virtual pins          ; 0                                            ;
; Total memory bits           ; 0                                            ;
; Total PLLs                  ; 0                                            ;
+-----------------------------+----------------------------------------------+


+--------------------------------------------------------------------------------------------------------+
; Analysis & Synthesis Settings                                                                          ;
+--------------------------------------------------------------+--------------------+--------------------+
; Option                                                       ; Setting            ; Default Value      ;
+--------------------------------------------------------------+--------------------+--------------------+
; Device                                                       ; EP1C3T144C8        ;                    ;
; Top-level entity name                                        ; zjw_zongxian       ; zjw_zongxian       ;
; Family name                                                  ; Cyclone            ; Stratix II         ;
; Use Generated Physical Constraints File                      ; Off                ;                    ;
; Use smart compilation                                        ; Off                ; Off                ;
; Restructure Multiplexers                                     ; Auto               ; Auto               ;
; Create Debugging Nodes for IP Cores                          ; Off                ; Off                ;
; Preserve fewer node names                                    ; On                 ; On                 ;
; Disable OpenCore Plus hardware evaluation                    ; Off                ; Off                ;
; Verilog Version                                              ; Verilog_2001       ; Verilog_2001       ;
; VHDL Version                                                 ; VHDL93             ; VHDL93             ;
; State Machine Processing                                     ; Auto               ; Auto               ;
; Safe State Machine                                           ; Off                ; Off                ;
; Extract Verilog State Machines                               ; On                 ; On                 ;
; Extract VHDL State Machines                                  ; On                 ; On                 ;
; Ignore Verilog initial constructs                            ; Off                ; Off                ;
; Iteration limit for constant Verilog loops                   ; 5000               ; 5000               ;
; Iteration limit for non-constant Verilog loops               ; 250                ; 250                ;
; Add Pass-Through Logic to Inferred RAMs                      ; On                 ; On                 ;
; Parallel Synthesis                                           ; Off                ; Off                ;
; NOT Gate Push-Back                                           ; On                 ; On                 ;
; Power-Up Don't Care                                          ; On                 ; On                 ;
; Remove Redundant Logic Cells                                 ; Off                ; Off                ;
; Remove Duplicate Registers                                   ; On                 ; On                 ;
; Ignore CARRY Buffers                                         ; Off                ; Off                ;
; Ignore CASCADE Buffers                                       ; Off                ; Off                ;
; Ignore GLOBAL Buffers                                        ; Off                ; Off                ;
; Ignore ROW GLOBAL Buffers                                    ; Off                ; Off                ;
; Ignore LCELL Buffers                                         ; Off                ; Off                ;
; Ignore SOFT Buffers                                          ; On                 ; On                 ;
; Limit AHDL Integers to 32 Bits                               ; Off                ; Off                ;
; Optimization Technique                                       ; Balanced           ; Balanced           ;
; Carry Chain Length                                           ; 70                 ; 70                 ;
; Auto Carry Chains                                            ; On                 ; On                 ;
; Auto Open-Drain Pins                                         ; On                 ; On                 ;
; Perform WYSIWYG Primitive Resynthesis                        ; Off                ; Off                ;
; Auto ROM Replacement                                         ; On                 ; On                 ;
; Auto RAM Replacement                                         ; On                 ; On                 ;
; Auto Shift Register Replacement                              ; Auto               ; Auto               ;
; Auto Clock Enable Replacement                                ; On                 ; On                 ;
; Strict RAM Replacement                                       ; Off                ; Off                ;
; Allow Synchronous Control Signals                            ; On                 ; On                 ;
; Force Use of Synchronous Clear Signals                       ; Off                ; Off                ;
; Auto RAM Block Balancing                                     ; On                 ; On                 ;
; Auto RAM to Logic Cell Conversion                            ; Off                ; Off                ;
; Auto Resource Sharing                                        ; Off                ; Off                ;
; Allow Any RAM Size For Recognition                           ; Off                ; Off                ;
; Allow Any ROM Size For Recognition                           ; Off                ; Off                ;
; Allow Any Shift Register Size For Recognition                ; Off                ; Off                ;
; Use LogicLock Constraints during Resource Balancing          ; On                 ; On                 ;
; Ignore translate_off and synthesis_off directives            ; Off                ; Off                ;
; Show Parameter Settings Tables in Synthesis Report           ; On                 ; On                 ;
; Ignore Maximum Fan-Out Assignments                           ; Off                ; Off                ;
; Synchronization Register Chain Length                        ; 2                  ; 2                  ;
; PowerPlay Power Optimization                                 ; Normal compilation ; Normal compilation ;
; HDL message level                                            ; Level2             ; Level2             ;
; Suppress Register Optimization Related Messages              ; Off                ; Off                ;
; Number of Removed Registers Reported in Synthesis Report     ; 100                ; 100                ;
; Number of Inverted Registers Reported in Synthesis Report    ; 100                ; 100                ;
; Clock MUX Protection                                         ; On                 ; On                 ;
; Block Design Naming                                          ; Auto               ; Auto               ;
; Synthesis Effort                                             ; Auto               ; Auto               ;
; Shift Register Replacement - Allow Asynchronous Clear Signal ; On                 ; On                 ;
; Analysis & Synthesis Message Level                           ; Medium             ; Medium             ;
+--------------------------------------------------------------+--------------------+--------------------+


+-----------------------------------------------------------------------------------------------------------------------------------------------------+
; Analysis & Synthesis Source Files Read                                                                                                              ;
+----------------------------------+-----------------+------------------------------------+-----------------------------------------------------------+
; File Name with User-Entered Path ; Used in Netlist ; File Type                          ; File Name with Absolute Path                              ;
+----------------------------------+-----------------+------------------------------------+-----------------------------------------------------------+
; zjw_zongxian.bdf                 ; yes             ; User Block Diagram/Schematic File  ; C:/Users/apple/Desktop/×ÜÏß/zjw_zongxian/zjw_zongxian.bdf ;
; 74244.bdf                        ; yes             ; Megafunction                       ; b:/quartus/libraries/others/maxplus2/74244.bdf            ;
; 74374.bdf                        ; yes             ; Megafunction                       ; b:/quartus/libraries/others/maxplus2/74374.bdf            ;
+----------------------------------+-----------------+------------------------------------+-----------------------------------------------------------+


+----------------------------------------------------------------+
; Analysis & Synthesis Resource Usage Summary                    ;
+---------------------------------------------+------------------+
; Resource                                    ; Usage            ;
+---------------------------------------------+------------------+
; Total logic elements                        ; 60               ;
;     -- Combinational with no register       ; 36               ;
;     -- Register only                        ; 24               ;
;     -- Combinational with a register        ; 0                ;
;                                             ;                  ;
; Logic element usage by number of LUT inputs ;                  ;
;     -- 4 input functions                    ; 17               ;
;     -- 3 input functions                    ; 0                ;
;     -- 2 input functions                    ; 19               ;
;     -- 1 input functions                    ; 0                ;
;     -- 0 input functions                    ; 0                ;
;                                             ;                  ;
; Logic elements by mode                      ;                  ;
;     -- normal mode                          ; 60               ;
;     -- arithmetic mode                      ; 0                ;
;     -- qfbk mode                            ; 0                ;
;     -- register cascade mode                ; 0                ;
;     -- synchronous clear/load mode          ; 0                ;
;     -- asynchronous clear/load mode         ; 0                ;
;                                             ;                  ;
; Total registers                             ; 24               ;
; I/O pins                                    ; 32               ;
; Maximum fan-out node                        ; 74374:inst3|40~3 ;
; Maximum fan-out                             ; 16               ;
; Total fan-out                               ; 170              ;
; Average fan-out                             ; 1.85             ;
+---------------------------------------------+------------------+


+-----------------------------------------------------------------------------------------------------------------------------------------------------------------------------------------------------------------------------+
; Analysis & Synthesis Resource Utilization by Entity                                                                                                                                                                         ;
+----------------------------+-------------+--------------+-------------+------+--------------+--------------+-------------------+------------------+-----------------+------------+---------------------------+--------------+
; Compilation Hierarchy Node ; Logic Cells ; LC Registers ; Memory Bits ; Pins ; Virtual Pins ; LUT-Only LCs ; Register-Only LCs ; LUT/Register LCs ; Carry Chain LCs ; Packed LCs ; Full Hierarchy Name       ; Library Name ;
+----------------------------+-------------+--------------+-------------+------+--------------+--------------+-------------------+------------------+-----------------+------------+---------------------------+--------------+
; |zjw_zongxian              ; 60 (3)      ; 24           ; 0           ; 32   ; 0            ; 36 (3)       ; 24 (0)            ; 0 (0)            ; 0 (0)           ; 0 (0)      ; |zjw_zongxian             ; work         ;
;    |74244:inst|            ; 8 (8)       ; 0            ; 0           ; 0    ; 0            ; 8 (8)        ; 0 (0)             ; 0 (0)            ; 0 (0)           ; 0 (0)      ; |zjw_zongxian|74244:inst  ; work         ;
;    |74374:inst1|           ; 8 (8)       ; 8            ; 0           ; 0    ; 0            ; 0 (0)        ; 8 (8)             ; 0 (0)            ; 0 (0)           ; 0 (0)      ; |zjw_zongxian|74374:inst1 ; work         ;
;    |74374:inst2|           ; 8 (8)       ; 8            ; 0           ; 0    ; 0            ; 0 (0)        ; 8 (8)             ; 0 (0)            ; 0 (0)           ; 0 (0)      ; |zjw_zongxian|74374:inst2 ; work         ;
;    |74374:inst3|           ; 33 (33)     ; 8            ; 0           ; 0    ; 0            ; 25 (25)      ; 8 (8)             ; 0 (0)            ; 0 (0)           ; 0 (0)      ; |zjw_zongxian|74374:inst3 ; work         ;
+----------------------------+-------------+--------------+-------------+------+--------------+--------------+-------------------+------------------+-----------------+------------+---------------------------+--------------+
Note: For table entries with two numbers listed, the numbers in parentheses indicate the number of resources of the given type used by the specific entity alone. The numbers listed outside of parentheses indicate the total resources of the given type used by the specific entity and all of its sub-entities in the hierarchy.


+------------------------------------------------------+
; General Register Statistics                          ;
+----------------------------------------------+-------+
; Statistic                                    ; Value ;
+----------------------------------------------+-------+
; Total registers                              ; 24    ;
; Number of registers using Synchronous Clear  ; 0     ;
; Number of registers using Synchronous Load   ; 0     ;
; Number of registers using Asynchronous Clear ; 0     ;
; Number of registers using Asynchronous Load  ; 0     ;
; Number of registers using Clock Enable       ; 0     ;
; Number of registers using Preset             ; 0     ;
+----------------------------------------------+-------+


+-------------------------------+
; Analysis & Synthesis Messages ;
+-------------------------------+
Info: *******************************************************************
Info: Running Quartus II Analysis & Synthesis
    Info: Version 9.0 Build 184 04/29/2009 Service Pack 1 SJ Web Edition
    Info: Processing started: Sun Mar 01 13:06:16 2020
Info: Command: quartus_map --read_settings_files=on --write_settings_files=off zjw_zongxian -c zjw_zongxian
Info: Found 1 design units, including 1 entities, in source file zjw_zongxian.bdf
    Info: Found entity 1: zjw_zongxian
Info: Elaborating entity "zjw_zongxian" for the top level hierarchy
Warning: Pin "LE[7..0]" is missing source
Info: Elaborating entity "74244" for hierarchy "74244:inst"
Info: Elaborated megafunction instantiation "74244:inst"
Info: Elaborating entity "74374" for hierarchy "74374:inst1"
Info: Elaborated megafunction instantiation "74374:inst1"
Warning: Tri-state node(s) do not directly drive top-level pin(s)
    Warning: Converted the fan-out from the tri-state buffer "74374:inst3|40" to the node "74374:inst3|13" into an OR gate
    Warning: Converted the fan-out from the tri-state buffer "74374:inst3|41" to the node "74374:inst3|14" into an OR gate
    Warning: Converted the fan-out from the tri-state buffer "74374:inst3|42" to the node "74374:inst3|15" into an OR gate
    Warning: Converted the fan-out from the tri-state buffer "74374:inst3|43" to the node "74374:inst3|16" into an OR gate
    Warning: Converted the fan-out from the tri-state buffer "74374:inst3|44" to the node "74374:inst3|17" into an OR gate
    Warning: Converted the fan-out from the tri-state buffer "74374:inst3|45" to the node "74374:inst3|18" into an OR gate
    Warning: Converted the fan-out from the tri-state buffer "74374:inst3|46" to the node "74374:inst3|19" into an OR gate
    Warning: Converted the fan-out from the tri-state buffer "74374:inst3|47" to the node "74374:inst3|20" into an OR gate
Warning: Output pins are stuck at VCC or GND
    Warning (13410): Pin "LE[7]" is stuck at GND
    Warning (13410): Pin "LE[6]" is stuck at GND
    Warning (13410): Pin "LE[5]" is stuck at GND
    Warning (13410): Pin "LE[4]" is stuck at GND
    Warning (13410): Pin "LE[3]" is stuck at GND
    Warning (13410): Pin "LE[2]" is stuck at GND
    Warning (13410): Pin "LE[1]" is stuck at GND
    Warning (13410): Pin "LE[0]" is stuck at GND
Info: Implemented 92 device resources after synthesis - the final resource count might be different
    Info: Implemented 16 input pins
    Info: Implemented 16 output pins
    Info: Implemented 60 logic cells
Info: Quartus II Analysis & Synthesis was successful. 0 errors, 19 warnings
    Info: Peak virtual memory: 232 megabytes
    Info: Processing ended: Sun Mar 01 13:06:21 2020
    Info: Elapsed time: 00:00:05
    Info: Total CPU time (on all processors): 00:00:02


